Log file open, 06/02/18 21:41:15
LogWindows: Failed to load 'aqProf.dll' (GetLastError=126)
LogWindows: File 'aqProf.dll' does not exist
LogWindows: Failed to load 'VtuneApi.dll' (GetLastError=126)
LogWindows: File 'VtuneApi.dll' does not exist
LogWindows: Failed to load 'VtuneApi32e.dll' (GetLastError=126)
LogWindows: File 'VtuneApi32e.dll' does not exist
LogInit: Display: Running engine for game: Platformer
LogPlatformFile: Not using cached read wrapper
LogInit: Display: RandInit(441099032) SRandInit(441099032).
LogInit: Read version file with build ID '3944462'
LogInit: Overriding engine version to CL 3989454, compatible CL 3944462
LogInit: Registered custom module enumerator with build ID '3944462'
LogTaskGraph: Started task graph with 5 named threads and 23 total threads with 3 sets of task threads.
LogStats: Stats thread started at 0.286991
LogD3D11RHI: Aftermath initialized
LogICUInternationalization: Display: ICU TimeZone Detection - Raw Offset: -8:00, Platform Override: ''
LogPluginManager: Mounting plugin Paper2D
LogPluginManager: Mounting plugin LiveLink
LogPluginManager: Mounting plugin LightPropagationVolume
LogPluginManager: Mounting plugin CLionSourceCodeAccess
LogPluginManager: Mounting plugin CodeLiteSourceCodeAccess
LogPluginManager: Mounting plugin GitSourceControl
LogPluginManager: Mounting plugin KDevelopSourceCodeAccess
LogPluginManager: Mounting plugin NullSourceCodeAccess
LogPluginManager: Mounting plugin PerforceSourceControl
LogPluginManager: Mounting plugin SubversionSourceControl
LogPluginManager: Mounting plugin UObjectPlugin
LogPluginManager: Mounting plugin VisualStudioCodeSourceCodeAccess
LogPluginManager: Mounting plugin VisualStudioSourceCodeAccess
LogPluginManager: Mounting plugin XCodeSourceCodeAccess
LogPluginManager: Mounting plugin AssetManagerEditor
LogPluginManager: Mounting plugin CryptoKeys
LogPluginManager: Mounting plugin DataValidation
LogPluginManager: Mounting plugin FacialAnimation
LogPluginManager: Mounting plugin GameplayTagsEditor
LogPluginManager: Mounting plugin MobileLauncherProfileWizard
LogPluginManager: Mounting plugin PluginBrowser
LogPluginManager: Mounting plugin SpeedTreeImporter
LogPluginManager: Mounting plugin DatasmithContent
LogPluginManager: Mounting plugin AlembicImporter
LogPluginManager: Mounting plugin CharacterAI
LogPluginManager: Mounting plugin HTML5Networking
LogPluginManager: Mounting plugin AndroidMedia
LogPluginManager: Mounting plugin AvfMedia
LogPluginManager: Mounting plugin ImgMedia
LogPluginManager: Mounting plugin LinearTimecode
LogPluginManager: Mounting plugin MediaCompositing
LogPluginManager: Mounting plugin MediaPlayerEditor
LogPluginManager: Mounting plugin WmfMedia
LogPluginManager: Mounting plugin TcpMessaging
LogPluginManager: Mounting plugin UdpMessaging
LogPluginManager: Mounting plugin ActorSequence
LogPluginManager: Mounting plugin LevelSequenceEditor
LogPluginManager: Mounting plugin MatineeToLevelSequence
LogPluginManager: Mounting plugin NetcodeUnitTest
LogPluginManager: Mounting plugin NUTUnrealEngine4
LogPluginManager: Mounting plugin OnlineSubsystemGooglePlay
LogPluginManager: Mounting plugin OnlineSubsystemIOS
LogPluginManager: Mounting plugin OnlineSubsystem
LogPluginManager: Mounting plugin OnlineSubsystemNull
LogPluginManager: Mounting plugin OnlineSubsystemUtils
LogPluginManager: Mounting plugin AndroidDeviceProfileSelector
LogPluginManager: Mounting plugin AndroidMoviePlayer
LogPluginManager: Mounting plugin AndroidPermission
LogPluginManager: Mounting plugin AppleARKit
LogPluginManager: Mounting plugin AppleMoviePlayer
LogPluginManager: Mounting plugin ArchVisCharacter
LogPluginManager: Mounting plugin AudioCapture
LogPluginManager: Mounting plugin CableComponent
LogPluginManager: Mounting plugin CustomMeshComponent
LogPluginManager: Mounting plugin ExampleDeviceProfileSelector
LogPluginManager: Mounting plugin GoogleCloudMessaging
LogPluginManager: Mounting plugin ImmediatePhysics
LogPluginManager: Mounting plugin IOSDeviceProfileSelector
LogPluginManager: Mounting plugin LinuxDeviceProfileSelector
LogPluginManager: Mounting plugin LocationServicesBPLibrary
LogPluginManager: Mounting plugin MobilePatchingUtils
LogPluginManager: Mounting plugin OculusVR
LogPluginManager: Plugin shader directory ../../../Engine/Plugins/Runtime/Oculus/OculusVR/Shaders found
LogPluginManager: Mapping shader source directory ../../../Engine/Plugins/Runtime/Oculus/OculusVR/Shaders to virtual directory /Plugin/OculusVR
LogPluginManager: Mounting plugin PhysXVehicles
LogPluginManager: Mounting plugin ProceduralMeshComponent
LogPluginManager: Mounting plugin RuntimePhysXCooking
LogPluginManager: Mounting plugin SteamVR
LogPluginManager: Mounting plugin WindowsMoviePlayer
LogStreaming: Display: Took  0.092s to configure plugins.
LogModuleManager: Display: Found up-to-date module file ../../../../../../Users/Ben/Documents/Unreal Projects/Platformer/Binaries/Win64/UE4Editor-Platformer.dll (API version 3944462).
LogModuleManager: Display: Found up-to-date module file ../../../Engine/Plugins/2D/Paper2D/Binaries/Win64/UE4Editor-Paper2D.dll (API version 3944462).
LogModuleManager: Display: Found up-to-date module file ../../../Engine/Plugins/2D/Paper2D/Binaries/Win64/UE4Editor-Paper2DEditor.dll (API version 3944462).
LogModuleManager: Display: Found up-to-date module file ../../../Engine/Plugins/2D/Paper2D/Binaries/Win64/UE4Editor-PaperSpriteSheetImporter.dll (API version 3944462).
LogModuleManager: Display: Found up-to-date module file ../../../Engine/Plugins/2D/Paper2D/Binaries/Win64/UE4Editor-PaperTiledImporter.dll (API version 3944462).
LogModuleManager: Display: Found up-to-date module file ../../../Engine/Plugins/2D/Paper2D/Binaries/Win64/UE4Editor-SmartSnapping.dll (API version 3944462).
LogModuleManager: Display: Found up-to-date module file ../../../Engine/Plugins/Animation/LiveLink/Binaries/Win64/UE4Editor-LiveLink.dll (API version 3944462).
LogModuleManager: Display: Found up-to-date module file ../../../Engine/Plugins/Animation/LiveLink/Binaries/Win64/UE4Editor-LiveLinkEditor.dll (API version 3944462).
LogModuleManager: Display: Found up-to-date module file ../../../Engine/Plugins/Blendables/LightPropagationVolume/Binaries/Win64/UE4Editor-LightPropagationVolumeRuntime.dll (API version 3944462).
LogModuleManager: Display: Found up-to-date module file ../../../Engine/Plugins/Blendables/LightPropagationVolume/Binaries/Win64/UE4Editor-LightPropagationVolumeEditor.dll (API version 3944462).
LogModuleManager: Display: Found up-to-date module file ../../../Engine/Plugins/Developer/CLionSourceCodeAccess/Binaries/Win64/UE4Editor-CLionSourceCodeAccess.dll (API version 3944462).
LogModuleManager: Display: Found up-to-date module file ../../../Engine/Plugins/Developer/GitSourceControl/Binaries/Win64/UE4Editor-GitSourceControl.dll (API version 3944462).
LogModuleManager: Display: Found up-to-date module file ../../../Engine/Plugins/Developer/PerforceSourceControl/Binaries/Win64/UE4Editor-PerforceSourceControl.dll (API version 3944462).
LogModuleManager: Display: Found up-to-date module file ../../../Engine/Plugins/Developer/SubversionSourceControl/Binaries/Win64/UE4Editor-SubversionSourceControl.dll (API version 3944462).
LogModuleManager: Display: Found up-to-date module file ../../../Engine/Plugins/Developer/UObjectPlugin/Binaries/Win64/UE4Editor-UObjectPlugin.dll (API version 3944462).
LogModuleManager: Display: Found up-to-date module file ../../../Engine/Plugins/Developer/VisualStudioCodeSourceCodeAccess/Binaries/Win64/UE4Editor-VisualStudioCodeSourceCodeAccess.dll (API version 3944462).
LogModuleManager: Display: Found up-to-date module file ../../../Engine/Plugins/Developer/VisualStudioSourceCodeAccess/Binaries/Win64/UE4Editor-VisualStudioSourceCodeAccess.dll (API version 3944462).
LogModuleManager: Display: Found up-to-date module file ../../../Engine/Plugins/Editor/AssetManagerEditor/Binaries/Win64/UE4Editor-AssetManagerEditor.dll (API version 3944462).
LogModuleManager: Display: Found up-to-date module file ../../../Engine/Plugins/Editor/CryptoKeys/Binaries/Win64/UE4Editor-CryptoKeys.dll (API version 3944462).
LogModuleManager: Display: Found up-to-date module file ../../../Engine/Plugins/Editor/CryptoKeys/Binaries/Win64/UE4Editor-CryptoKeysOpenSSL.dll (API version 3944462).
LogModuleManager: Display: Found up-to-date module file ../../../Engine/Plugins/Editor/DataValidation/Binaries/Win64/UE4Editor-DataValidation.dll (API version 3944462).
LogModuleManager: Display: Found up-to-date module file ../../../Engine/Plugins/Editor/FacialAnimation/Binaries/Win64/UE4Editor-FacialAnimation.dll (API version 3944462).
LogModuleManager: Display: Found up-to-date module file ../../../Engine/Plugins/Editor/FacialAnimation/Binaries/Win64/UE4Editor-FacialAnimationEditor.dll (API version 3944462).
LogModuleManager: Display: Found up-to-date module file ../../../Engine/Plugins/Editor/GameplayTagsEditor/Binaries/Win64/UE4Editor-GameplayTagsEditor.dll (API version 3944462).
LogModuleManager: Display: Found up-to-date module file ../../../Engine/Plugins/Editor/MobileLauncherProfileWizard/Binaries/Win64/UE4Editor-MobileLauncherProfileWizard.dll (API version 3944462).
LogModuleManager: Display: Found up-to-date module file ../../../Engine/Plugins/Editor/PluginBrowser/Binaries/Win64/UE4Editor-PluginBrowser.dll (API version 3944462).
LogModuleManager: Display: Found up-to-date module file ../../../Engine/Plugins/Editor/SpeedTreeImporter/Binaries/Win64/UE4Editor-SpeedTreeImporter.dll (API version 3944462).
LogModuleManager: Display: Found up-to-date module file ../../../Engine/Plugins/Enterprise/DatasmithContent/Binaries/Win64/UE4Editor-DatasmithContent.dll (API version 3944462).
LogModuleManager: Display: Found up-to-date module file ../../../Engine/Plugins/Experimental/AlembicImporter/Binaries/Win64/UE4Editor-AlembicImporter.dll (API version 3944462).
LogModuleManager: Display: Found up-to-date module file ../../../Engine/Plugins/Experimental/AlembicImporter/Binaries/Win64/UE4Editor-AlembicLibrary.dll (API version 3944462).
LogModuleManager: Display: Found up-to-date module file ../../../Engine/Plugins/Experimental/CharacterAI/Binaries/Win64/UE4Editor-CharacterAI.dll (API version 3944462).
LogModuleManager: Display: Found up-to-date module file ../../../Engine/Plugins/Experimental/HTML5Networking/Binaries/Win64/UE4Editor-HTML5Networking.dll (API version 3944462).
LogModuleManager: Display: Found up-to-date module file ../../../Engine/Plugins/Media/AndroidMedia/Binaries/Win64/UE4Editor-AndroidMediaEditor.dll (API version 3944462).
LogModuleManager: Display: Found up-to-date module file ../../../Engine/Plugins/Media/AndroidMedia/Binaries/Win64/UE4Editor-AndroidMediaFactory.dll (API version 3944462).
LogModuleManager: Display: Found up-to-date module file ../../../Engine/Plugins/Media/AvfMedia/Binaries/Win64/UE4Editor-AvfMediaEditor.dll (API version 3944462).
LogModuleManager: Display: Found up-to-date module file ../../../Engine/Plugins/Media/AvfMedia/Binaries/Win64/UE4Editor-AvfMediaFactory.dll (API version 3944462).
LogModuleManager: Display: Found up-to-date module file ../../../Engine/Plugins/Media/AvfMedia/Binaries/Win64/UE4Editor-AvfMediaFactory.dll (API version 3944462).
LogModuleManager: Display: Found up-to-date module file ../../../Engine/Plugins/Media/ImgMedia/Binaries/Win64/UE4Editor-ImgMedia.dll (API version 3944462).
LogModuleManager: Display: Found up-to-date module file ../../../Engine/Plugins/Media/ImgMedia/Binaries/Win64/UE4Editor-ImgMediaEditor.dll (API version 3944462).
LogModuleManager: Display: Found up-to-date module file ../../../Engine/Plugins/Media/ImgMedia/Binaries/Win64/UE4Editor-ImgMediaFactory.dll (API version 3944462).
LogModuleManager: Display: Found up-to-date module file ../../../Engine/Plugins/Media/ImgMedia/Binaries/Win64/UE4Editor-ImgMediaFactory.dll (API version 3944462).
LogModuleManager: Display: Found up-to-date module file ../../../Engine/Plugins/Media/ImgMedia/Binaries/Win64/UE4Editor-OpenExrWrapper.dll (API version 3944462).
LogModuleManager: Display: Found up-to-date module file ../../../Engine/Plugins/Media/LinearTimecode/Binaries/Win64/UE4Editor-LinearTimecode.dll (API version 3944462).
LogModuleManager: Display: Found up-to-date module file ../../../Engine/Plugins/Media/MediaCompositing/Binaries/Win64/UE4Editor-MediaCompositing.dll (API version 3944462).
LogModuleManager: Display: Found up-to-date module file ../../../Engine/Plugins/Media/MediaCompositing/Binaries/Win64/UE4Editor-MediaCompositingEditor.dll (API version 3944462).
LogModuleManager: Display: Found up-to-date module file ../../../Engine/Plugins/Media/MediaPlayerEditor/Binaries/Win64/UE4Editor-MediaPlayerEditor.dll (API version 3944462).
LogModuleManager: Display: Found up-to-date module file ../../../Engine/Plugins/Media/WmfMedia/Binaries/Win64/UE4Editor-WmfMedia.dll (API version 3944462).
LogModuleManager: Display: Found up-to-date module file ../../../Engine/Plugins/Media/WmfMedia/Binaries/Win64/UE4Editor-WmfMediaEditor.dll (API version 3944462).
LogModuleManager: Display: Found up-to-date module file ../../../Engine/Plugins/Media/WmfMedia/Binaries/Win64/UE4Editor-WmfMediaFactory.dll (API version 3944462).
LogModuleManager: Display: Found up-to-date module file ../../../Engine/Plugins/Media/WmfMedia/Binaries/Win64/UE4Editor-WmfMediaFactory.dll (API version 3944462).
LogModuleManager: Display: Found up-to-date module file ../../../Engine/Plugins/Messaging/TcpMessaging/Binaries/Win64/UE4Editor-TcpMessaging.dll (API version 3944462).
LogModuleManager: Display: Found up-to-date module file ../../../Engine/Plugins/Messaging/UdpMessaging/Binaries/Win64/UE4Editor-UdpMessaging.dll (API version 3944462).
LogModuleManager: Display: Found up-to-date module file ../../../Engine/Plugins/MovieScene/ActorSequence/Binaries/Win64/UE4Editor-ActorSequence.dll (API version 3944462).
LogModuleManager: Display: Found up-to-date module file ../../../Engine/Plugins/MovieScene/LevelSequenceEditor/Binaries/Win64/UE4Editor-LevelSequenceEditor.dll (API version 3944462).
LogModuleManager: Display: Found up-to-date module file ../../../Engine/Plugins/MovieScene/MatineeToLevelSequence/Binaries/Win64/UE4Editor-MatineeToLevelSequence.dll (API version 3944462).
LogModuleManager: Display: Found up-to-date module file ../../../Engine/Plugins/NetcodeUnitTest/NetcodeUnitTest/Binaries/Win64/UE4Editor-NetcodeUnitTest.dll (API version 3944462).
LogModuleManager: Display: Found up-to-date module file ../../../Engine/Plugins/NetcodeUnitTest/NUTUnrealEngine4/Binaries/Win64/UE4Editor-NUTUnrealEngine4.dll (API version 3944462).
LogModuleManager: Display: Found up-to-date module file ../../../Engine/Plugins/Online/OnlineSubsystem/Binaries/Win64/UE4Editor-OnlineSubsystem.dll (API version 3944462).
LogModuleManager: Display: Found up-to-date module file ../../../Engine/Plugins/Online/OnlineSubsystemNull/Binaries/Win64/UE4Editor-OnlineSubsystemNull.dll (API version 3944462).
LogModuleManager: Display: Found up-to-date module file ../../../Engine/Plugins/Online/OnlineSubsystemUtils/Binaries/Win64/UE4Editor-OnlineSubsystemUtils.dll (API version 3944462).
LogModuleManager: Display: Found up-to-date module file ../../../Engine/Plugins/Online/OnlineSubsystemUtils/Binaries/Win64/UE4Editor-OnlineBlueprintSupport.dll (API version 3944462).
LogModuleManager: Display: Found up-to-date module file ../../../Engine/Plugins/Runtime/AndroidDeviceProfileSelector/Binaries/Win64/UE4Editor-AndroidDeviceProfileSelector.dll (API version 3944462).
LogModuleManager: Display: Found up-to-date module file ../../../Engine/Plugins/Runtime/AndroidPermission/Binaries/Win64/UE4Editor-AndroidPermission.dll (API version 3944462).
LogModuleManager: Display: Found up-to-date module file ../../../Engine/Plugins/Runtime/AppleARKit/Binaries/Win64/UE4Editor-AppleARKit.dll (API version 3944462).
LogModuleManager: Display: Found up-to-date module file ../../../Engine/Plugins/Runtime/ArchVisCharacter/Binaries/Win64/UE4Editor-ArchVisCharacter.dll (API version 3944462).
LogModuleManager: Display: Found up-to-date module file ../../../Engine/Plugins/Runtime/AudioCapture/Binaries/Win64/UE4Editor-AudioCapture.dll (API version 3944462).
LogModuleManager: Display: Found up-to-date module file ../../../Engine/Plugins/Runtime/AudioCapture/Binaries/Win64/UE4Editor-AudioCaptureEditor.dll (API version 3944462).
LogModuleManager: Display: Found up-to-date module file ../../../Engine/Plugins/Runtime/CableComponent/Binaries/Win64/UE4Editor-CableComponent.dll (API version 3944462).
LogModuleManager: Display: Found up-to-date module file ../../../Engine/Plugins/Runtime/CustomMeshComponent/Binaries/Win64/UE4Editor-CustomMeshComponent.dll (API version 3944462).
LogModuleManager: Display: Found up-to-date module file ../../../Engine/Plugins/Runtime/ExampleDeviceProfileSelector/Binaries/Win64/UE4Editor-ExampleDeviceProfileSelector.dll (API version 3944462).
LogModuleManager: Display: Found up-to-date module file ../../../Engine/Plugins/Runtime/ImmediatePhysics/Binaries/Win64/UE4Editor-ImmediatePhysics.dll (API version 3944462).
LogModuleManager: Display: Found up-to-date module file ../../../Engine/Plugins/Runtime/ImmediatePhysics/Binaries/Win64/UE4Editor-ImmediatePhysicsEditor.dll (API version 3944462).
LogModuleManager: Display: Found up-to-date module file ../../../Engine/Plugins/Runtime/LocationServicesBPLibrary/Binaries/Win64/UE4Editor-LocationServicesBPLibrary.dll (API version 3944462).
LogModuleManager: Display: Found up-to-date module file ../../../Engine/Plugins/Runtime/MobilePatchingUtils/Binaries/Win64/UE4Editor-MobilePatchingUtils.dll (API version 3944462).
LogModuleManager: Display: Found up-to-date module file ../../../Engine/Plugins/Runtime/Oculus/OculusVR/Binaries/Win64/UE4Editor-OculusHMD.dll (API version 3944462).
LogModuleManager: Display: Found up-to-date module file ../../../Engine/Plugins/Runtime/Oculus/OculusVR/Binaries/Win64/UE4Editor-OculusInput.dll (API version 3944462).
LogModuleManager: Display: Found up-to-date module file ../../../Engine/Plugins/Runtime/Oculus/OculusVR/Binaries/Win64/UE4Editor-OculusEditor.dll (API version 3944462).
LogModuleManager: Display: Found up-to-date module file ../../../Engine/Plugins/Runtime/PhysXVehicles/Binaries/Win64/UE4Editor-PhysXVehicles.dll (API version 3944462).
LogModuleManager: Display: Found up-to-date module file ../../../Engine/Plugins/Runtime/PhysXVehicles/Binaries/Win64/UE4Editor-PhysXVehiclesEditor.dll (API version 3944462).
LogModuleManager: Display: Found up-to-date module file ../../../Engine/Plugins/Runtime/ProceduralMeshComponent/Binaries/Win64/UE4Editor-ProceduralMeshComponent.dll (API version 3944462).
LogModuleManager: Display: Found up-to-date module file ../../../Engine/Plugins/Runtime/ProceduralMeshComponent/Binaries/Win64/UE4Editor-ProceduralMeshComponentEditor.dll (API version 3944462).
LogModuleManager: Display: Found up-to-date module file ../../../Engine/Plugins/Runtime/RuntimePhysXCooking/Binaries/Win64/UE4Editor-RuntimePhysXCooking.dll (API version 3944462).
LogModuleManager: Display: Found up-to-date module file ../../../Engine/Plugins/Runtime/Steam/SteamVR/Binaries/Win64/UE4Editor-SteamVR.dll (API version 3944462).
LogModuleManager: Display: Found up-to-date module file ../../../Engine/Plugins/Runtime/Steam/SteamVR/Binaries/Win64/UE4Editor-SteamVRController.dll (API version 3944462).
LogModuleManager: Display: Found up-to-date module file ../../../Engine/Plugins/Runtime/WindowsMoviePlayer/Binaries/Win64/UE4Editor-WindowsMoviePlayer.dll (API version 3944462).
LogInit: Using libcurl 7.47.1
LogInit:  - built for x86_64-pc-win32
LogInit:  - supports SSL with OpenSSL/1.0.2g
LogInit:  - supports HTTP deflate (compression) using libz 1.2.8
LogInit:  - other features:
LogInit:      CURL_VERSION_SSL
LogInit:      CURL_VERSION_LIBZ
LogInit:      CURL_VERSION_IPV6
LogInit:      CURL_VERSION_ASYNCHDNS
LogInit:      CURL_VERSION_LARGEFILE
LogInit:      CURL_VERSION_IDN
LogInit:  CurlRequestOptions (configurable via config and command line):
LogInit:  - bVerifyPeer = false  - Libcurl will NOT verify peer certificate
LogInit:  - bUseHttpProxy = false  - Libcurl will NOT use HTTP proxy
LogInit:  - bDontReuseConnections = false  - Libcurl will reuse connections
LogInit:  - CertBundlePath = nullptr  - Libcurl will use whatever was configured at build time.
LogInit:  - MaxHostConnections = 16  - Libcurl will limit the number of connections to a host
LogInit:  - LocalHostAddr = Default
LogInit: WinSock: version 1.1 (2.2), MaxSocks=32767, MaxUdp=65467
LogInit: WinSock: I am DESKTOP-8A46OJA (192.168.43.210:0)
LogHMD: Failed initializing OVRPlugin 1.21.0
LogInit: Build: ++UE4+Release-4.19-CL-3989454
LogInit: Engine Version: 4.19.1-3989454+++UE4+Release-4.19
LogInit: Compatible Engine Version: 4.19.0-3944462+++UE4+Release-4.19
LogInit: Net CL: 3944462
LogDevObjectVersion: Number of dev versions registered: 18
LogDevObjectVersion:   Dev-Blueprints (B0D832E4-1F89-4F0D-ACCF-7EB736FD4AA2): 10
LogDevObjectVersion:   Dev-Build (E1C64328-A22C-4D53-A36C-8E866417BD8C): 0
LogDevObjectVersion:   Dev-Core (375EC13C-06E4-48FB-B500-84F0262A717E): 2
LogDevObjectVersion:   Dev-Editor (E4B068ED-F494-42E9-A231-DA0B2E46BB41): 23
LogDevObjectVersion:   Dev-Framework (CFFC743F-43B0-4480-9391-14DF171D2073): 33
LogDevObjectVersion:   Dev-Mobile (B02B49B5-BB20-44E9-A304-32B752E40360): 2
LogDevObjectVersion:   Dev-Networking (A4E4105C-59A1-49B5-A7C5-40C4547EDFEE): 0
LogDevObjectVersion:   Dev-Online (39C831C9-5AE6-47DC-9A44-9C173E1C8E7C): 0
LogDevObjectVersion:   Dev-Physics (78F01B33-EBEA-4F98-B9B4-84EACCB95AA2): 0
LogDevObjectVersion:   Dev-Platform (6631380F-2D4D-43E0-8009-CF276956A95A): 0
LogDevObjectVersion:   Dev-Rendering (12F88B9F-8875-4AFC-A67C-D90C383ABD29): 25
LogDevObjectVersion:   Dev-Sequencer (7B5AE74C-D270-4C10-A958-57980B212A5A): 6
LogDevObjectVersion:   Dev-VR (D7296918-1DD6-4BDD-9DE2-64A83CC13884): 1
LogDevObjectVersion:   Dev-LoadTimes (C2A15278-BFE7-4AFE-6C17-90FF531DF755): 1
LogDevObjectVersion:   Private-Geometry (6EACA3D4-40EC-4CC1-B786-8BED09428FC5): 2
LogDevObjectVersion:   Dev-AnimPhys (29E575DD-E0A3-4627-9D10-D276232CDCEA): 16
LogDevObjectVersion:   Dev-ReflectionCapture (6B266CEC-1EC7-4B8F-A30B-E4D90942FC07): 1
LogDevObjectVersion:   Dev-Automation (0DF73D61-A23F-47EA-B727-89E90C41499A): 1
LogInit: Compiled (64-bit): Apr  6 2018 12:26:04
LogInit: Compiled with Visual C++: 19.00.24215.01
LogInit: Build Configuration: Development
LogInit: Branch Name: ++UE4+Release-4.19
LogInit: Command Line: -EpicPortal 
LogInit: Base Directory: C:/Program Files/Epic Games/UE_4.19/Engine/Binaries/Win64/
LogInit: Installed Engine Build: 1
LogStreaming: Display: Took  0.000s to delete old logs.
LogInit: Presizing for max 8388607 objects, including 0 objects not considered by GC, pre-allocating 0 bytes for permanent pool.
LogInit: Object subsystem initialized
[2018.06.03-04.41.18:936][  0]LogInit: Selected Device Profile: [Windows]
[2018.06.03-04.41.18:936][  0]LogInit: Applying CVar settings loaded from the selected device profile: [Windows]
[2018.06.03-04.41.18:979][  0]LogInit: Computer: DESKTOP-8A46OJA
[2018.06.03-04.41.18:979][  0]LogInit: User: Ben
[2018.06.03-04.41.18:979][  0]LogInit: CPU Page size=4096, Cores=4
[2018.06.03-04.41.18:979][  0]LogInit: High frequency timer resolution =3.509011 MHz
[2018.06.03-04.41.18:979][  0]LogMemory: Memory total: Physical=14.9GB (15GB approx)
[2018.06.03-04.41.18:979][  0]LogMemory: Platform Memory Stats for Windows
[2018.06.03-04.41.18:979][  0]LogMemory: Process Physical Memory: 278.23 MB used, 278.23 MB peak
[2018.06.03-04.41.18:979][  0]LogMemory: Process Virtual Memory: 269.09 MB used, 269.09 MB peak
[2018.06.03-04.41.18:979][  0]LogMemory: Physical Memory: 7190.98 MB used,  8101.04 MB free, 15292.02 MB total
[2018.06.03-04.41.18:979][  0]LogMemory: Virtual Memory: 4838.89 MB used,  8101.04 MB free, 134217728.00 MB total
[2018.06.03-04.41.19:010][  0]LogInit: Using OS detected language (en-US).
[2018.06.03-04.41.19:010][  0]LogInit: Using OS detected locale (en-US).
[2018.06.03-04.41.19:014][  0]LogTextLocalizationManager: No specific localization for 'en-US' exists, so the 'en' localization will be used.
[2018.06.03-04.41.19:506][  0]LogStreaming: Display: Took  0.497s to EndInitTextLocalization.
[2018.06.03-04.41.19:507][  0]LogInit: Setting process to per monitor DPI aware
[2018.06.03-04.41.19:545][  0]LogSlate: New Slate User Created.  User Index 0, Is Virtual User: 0
[2018.06.03-04.41.19:545][  0]LogSlate: Slate User Registered.  User Index 0, Is Virtual User: 0
[2018.06.03-04.41.19:768][  0]LogD3D11RHI: D3D11 adapters:
[2018.06.03-04.41.19:841][  0]LogD3D11RHI:    0. 'NVIDIA GeForce GTX 1060 6GB' (Feature Level 11_0)
[2018.06.03-04.41.19:842][  0]LogD3D11RHI:       6052/0/7646 MB DedicatedVideo/DedicatedSystem/SharedSystem, Outputs:1, VendorId:0x10de
[2018.06.03-04.41.19:843][  0]LogD3D11RHI:    1. 'Microsoft Basic Render Driver' (Feature Level 11_0)
[2018.06.03-04.41.19:843][  0]LogD3D11RHI:       0/0/7646 MB DedicatedVideo/DedicatedSystem/SharedSystem, Outputs:0, VendorId:0x1414
[2018.06.03-04.41.19:843][  0]LogD3D11RHI: Chosen D3D11 Adapter: 0
[2018.06.03-04.41.19:853][  0]LogD3D11RHI: Creating new Direct3DDevice
[2018.06.03-04.41.19:853][  0]LogD3D11RHI:     GPU DeviceId: 0x1c03 (for the marketing name, search the web for "GPU Device Id")
[2018.06.03-04.41.19:853][  0]LogWindows: EnumDisplayDevices:
[2018.06.03-04.41.19:853][  0]LogWindows:    0. 'NVIDIA GeForce GTX 1060 6GB' (P:1 D:1)
[2018.06.03-04.41.19:853][  0]LogWindows:    1. 'NVIDIA GeForce GTX 1060 6GB' (P:0 D:0)
[2018.06.03-04.41.19:853][  0]LogWindows:    2. 'NVIDIA GeForce GTX 1060 6GB' (P:0 D:0)
[2018.06.03-04.41.19:853][  0]LogWindows:    3. 'NVIDIA GeForce GTX 1060 6GB' (P:0 D:0)
[2018.06.03-04.41.19:854][  0]LogWindows: DebugString: GetVideoDriverDetailsInvalid PrimaryIsNotTheChoosenAdapter GetVideoDriverDetailsInvalid PrimaryIsNotTheChoosenAdapter GetVideoDriverDetailsInvalid PrimaryIsNotTheChoosenAdapter GetVideoDriverDetailsInvalid PrimaryIsNotTheChoosenAdapter FoundDriverCount:0 
[2018.06.03-04.41.19:854][  0]LogD3D11RHI:     Adapter Name: NVIDIA GeForce GTX 1060 6GB
[2018.06.03-04.41.19:854][  0]LogD3D11RHI:   Driver Version: Unknown (internal:Unknown, unified:Unknown)
[2018.06.03-04.41.19:854][  0]LogD3D11RHI:      Driver Date: Unknown
[2018.06.03-04.41.19:854][  0]LogRHI: Texture pool is 4236 MB (70% of 6052 MB)
[2018.06.03-04.41.19:905][  0]LogD3D11RHI: [Aftermath] Aftermath enabled and primed
[2018.06.03-04.41.19:905][  0]LogD3D11RHI: [Aftermath] Aftermath enabled and primed
[2018.06.03-04.41.19:905][  0]LogD3D11RHI: Async texture creation enabled
[2018.06.03-04.41.20:097][  0]LogD3D11RHI: GPU Timing Frequency: 1000.000000 (Debug: 2 2)
[2018.06.03-04.41.20:098][  0]LogShaderCompilers: Guid format shader working directory is -20 characters bigger than the processId version (../../../../../../Users/Ben/Documents/Unreal Projects/Platformer/Intermediate/Shaders/WorkingDirectory/1504/).
[2018.06.03-04.41.20:098][  0]LogShaderCompilers: Cleaned the shader compiler working directory 'C:/Users/Ben/AppData/Local/Temp/UnrealShaderWorkingDir/3AA7502D40CD723F58B1DF9CE4011519/'.
[2018.06.03-04.41.20:618][  0]LogTemp: Display: Loaded TP AllDesktopTargetPlatform
[2018.06.03-04.41.20:637][  0]LogTemp: Display: Loaded TP MacClientTargetPlatform
[2018.06.03-04.41.20:656][  0]LogTemp: Display: Loaded TP MacNoEditorTargetPlatform
[2018.06.03-04.41.20:675][  0]LogTemp: Display: Loaded TP MacServerTargetPlatform
[2018.06.03-04.41.20:697][  0]LogTemp: Display: Loaded TP MacTargetPlatform
[2018.06.03-04.41.20:717][  0]LogTemp: Display: Loaded TP WindowsClientTargetPlatform
[2018.06.03-04.41.20:737][  0]LogTemp: Display: Loaded TP WindowsNoEditorTargetPlatform
[2018.06.03-04.41.20:757][  0]LogTemp: Display: Loaded TP WindowsServerTargetPlatform
[2018.06.03-04.41.20:766][  0]LogTemp: Display: Loaded TP WindowsTargetPlatform
[2018.06.03-04.41.20:786][  0]LogTemp: Display: Loaded TP Android_ASTCTargetPlatform
[2018.06.03-04.41.20:805][  0]LogTemp: Display: Loaded TP Android_ATCTargetPlatform
[2018.06.03-04.41.20:821][  0]LogTemp: Display: Loaded TP Android_DXTTargetPlatform
[2018.06.03-04.41.20:836][  0]LogTemp: Display: Loaded TP Android_ETC1aTargetPlatform
[2018.06.03-04.41.20:852][  0]LogTemp: Display: Loaded TP Android_ETC1TargetPlatform
[2018.06.03-04.41.20:875][  0]LogTemp: Display: Loaded TP Android_ETC2TargetPlatform
[2018.06.03-04.41.20:912][  0]LogTemp: Display: Loaded TP Android_MultiTargetPlatform
[2018.06.03-04.41.20:913][  0]LogTemp: Display: Loaded TP Android_PVRTCTargetPlatform
[2018.06.03-04.41.20:932][  0]LogTemp: Display: Loaded TP AndroidTargetPlatform
[2018.06.03-04.41.20:934][  0]LogTemp: Display: Loaded TP HTML5TargetPlatform
[2018.06.03-04.41.20:979][  0]LogTemp: Display: Loaded TP IOSTargetPlatform
[2018.06.03-04.41.20:994][  0]LogTemp: Display: Loaded TP TVOSTargetPlatform
[2018.06.03-04.41.21:010][  0]LogTemp: Display: Loaded TP LinuxClientTargetPlatform
[2018.06.03-04.41.21:027][  0]LogTemp: Display: Loaded TP LinuxNoEditorTargetPlatform
[2018.06.03-04.41.21:043][  0]LogTemp: Display: Loaded TP LinuxServerTargetPlatform
[2018.06.03-04.41.21:073][  0]LogTemp: Display: Loaded TP LinuxTargetPlatform
[2018.06.03-04.41.21:073][  0]LogTargetPlatformManager: Display: Building Assets For Windows
[2018.06.03-04.41.21:231][  0]LogXGEController: Cannot use XGE Controller as Incredibuild is not installed on this machine.
[2018.06.03-04.41.21:231][  0]LogShaderCompilers: Cannot use XGE Shader Compiler as Incredibuild is not installed on this machine.
[2018.06.03-04.41.21:231][  0]LogShaderCompilers: Display: Using Local Shader Compiler.
[2018.06.03-04.41.30:039][  0]LogDerivedDataCache: Display: Max Cache Size: 512 MB
[2018.06.03-04.41.31:317][  0]LogDerivedDataCache: Loaded boot cache 1.28s 74MB C:/Users/Ben/AppData/Local/UnrealEngine/4.19/DerivedDataCache/Boot.ddc.
[2018.06.03-04.41.31:317][  0]LogDerivedDataCache: Display: Loaded Boot cache: C:/Users/Ben/AppData/Local/UnrealEngine/4.19/DerivedDataCache/Boot.ddc
[2018.06.03-04.41.31:317][  0]LogDerivedDataCache: FDerivedDataBackendGraph:  Pak pak cache file ../../../../../../Users/Ben/Documents/Unreal Projects/Platformer/DerivedDataCache/DDC.ddp not found, will not use a pak cache.
[2018.06.03-04.41.31:317][  0]LogDerivedDataCache: Unable to find inner node Pak for hierarchical cache Hierarchy.
[2018.06.03-04.41.31:317][  0]LogDerivedDataCache: FDerivedDataBackendGraph:  CompressedPak pak cache file ../../../../../../Users/Ben/Documents/Unreal Projects/Platformer/DerivedDataCache/Compressed.ddp not found, will not use a pak cache.
[2018.06.03-04.41.31:317][  0]LogDerivedDataCache: Unable to find inner node CompressedPak for hierarchical cache Hierarchy.
[2018.06.03-04.41.31:343][  0]LogDerivedDataCache: Display: Pak cache opened for reading ../../../Engine/DerivedDataCache/Compressed.ddp.
[2018.06.03-04.41.31:357][  0]LogDerivedDataCache: Using Local data cache path C:/Users/Ben/AppData/Local/UnrealEngine/Common/DerivedDataCache: Writable
[2018.06.03-04.41.31:370][  0]LogMaterial: Verifying Global Shaders for PCD3D_SM5
[2018.06.03-04.41.31:371][  0]LogSlate: Using Freetype 2.6.0
[2018.06.03-04.41.31:404][  0]LogSlate: SlateFontCache - WITH_FREETYPE: 1, WITH_HARFBUZZ: 1
[2018.06.03-04.41.31:405][  0]LogSlate: SlateFontCache - WITH_FREETYPE: 1, WITH_HARFBUZZ: 1
[2018.06.03-04.41.32:739][  0]LogAssetRegistry: FAssetRegistry took 0.0290 seconds to start up
[2018.06.03-04.41.33:181][  0]LogInit: Selected Device Profile: [Windows]
[2018.06.03-04.41.33:426][  0]LogSimplygon: Simplygon DLL not present - disabling.
[2018.06.03-04.41.33:432][  0]LogMeshReduction: Using SimplygonSwarm for distributed automatic mesh merging
[2018.06.03-04.41.33:432][  0]LogMeshReduction: Using QuadricMeshReduction for automatic static mesh reduction
[2018.06.03-04.41.33:432][  0]LogMeshReduction: No automatic skeletal mesh reduction module available
[2018.06.03-04.41.33:432][  0]LogMeshReduction: No automatic mesh merging module available
[2018.06.03-04.41.33:432][  0]LogMeshMerging: No automatic mesh merging module available
[2018.06.03-04.41.33:476][  0]LogNetVersion: Platformer , NetCL: 3944462, EngineNetVer: 2, GameNetVer: 0 (Checksum: 2676986599)
[2018.06.03-04.41.34:082][  0]LogPackageLocalizationCache: Processed 9 localized package path(s) for 2 prioritized culture(s) in 0.102201 seconds
[2018.06.03-04.41.34:092][  0]LogUObjectArray: 36728 objects as part of root set at end of initial load.
[2018.06.03-04.41.34:092][  0]LogUObjectAllocator: 7314312 out of 0 bytes used by permanent object pool.
[2018.06.03-04.41.34:092][  0]LogUObjectArray: CloseDisregardForGC: 0/0 objects in disregard for GC pool
[2018.06.03-04.42.09:896][  0]LogTcpMessaging: Initializing TcpMessaging bridge
[2018.06.03-04.42.09:960][  0]LogUdpMessaging: Initializing bridge on interface 0.0.0.0:0 to multicast group 230.0.0.1:6666.
[2018.06.03-04.42.11:742][  0]LogSkeletalMesh: Skeletal Mesh found in DDC [70.819099ms] /Game/Mannequin/Character/Mesh/SK_Mannequin.SK_Mannequin
[2018.06.03-04.42.12:306][  0]SourceControl: Source control is disabled
[2018.06.03-04.42.12:306][  0]SourceControl: Source control is disabled
[2018.06.03-04.42.12:335][  0]SourceControl: Source control is disabled
[2018.06.03-04.42.12:360][  0]SourceControl: Source control is disabled
[2018.06.03-04.42.13:267][  0]LogAndroidPermission: UAndroidPermissionCallbackProxy::GetInstance
[2018.06.03-04.42.13:496][  0]LogOcInput: OculusInput pre-init called
[2018.06.03-04.42.13:755][  0]LogEngine: Initializing Engine...
[2018.06.03-04.42.13:756][  0]LogHMD: Failed to initialize OpenVR with code 110
[2018.06.03-04.42.13:758][  0]LogStats: UGameplayTagsManager::ConstructGameplayTagTree: Construct from data asset -  0.000 s
[2018.06.03-04.42.13:758][  0]LogStats: UGameplayTagsManager::ConstructGameplayTagTree: GameplayTagTreeChangedEvent.Broadcast -  0.000 s
[2018.06.03-04.42.14:124][  0]LogAIModule: Creating AISystem for world Untitled
[2018.06.03-04.42.14:134][  0]LogInit: XAudio2 using 'Speakers (Realtek High Definition Audio)' : 2 channels at 48 kHz using 32 bits per sample (channel mask 0x3)
[2018.06.03-04.42.14:155][  0]LogInit: FAudioDevice initialized.
[2018.06.03-04.42.14:692][  0]LogDerivedDataCache: Saved boot cache 0.54s 77MB C:/Users/Ben/AppData/Local/UnrealEngine/4.19/DerivedDataCache/Boot.ddc.
[2018.06.03-04.42.14:718][  0]LogInit: Texture streaming: Enabled
[2018.06.03-04.42.14:746][  0]LogEngineSessionManager: EngineSessionManager initialized
[2018.06.03-04.42.14:750][  0]LogEngineSessionManager: EngineSessionManager sent abnormal shutdown report. Type=AbnormalShutdown, SessionId={F6EF15C3-424B-F53E-ED43-E9AE617D93B4}
[2018.06.03-04.42.14:809][  0]LogInit: Transaction tracking system initialized
[2018.06.03-04.42.14:844][  0]BlueprintLog: New page: Editor Load
[2018.06.03-04.42.15:148][  0]LocalizationService: Localization service is disabled
[2018.06.03-04.42.15:405][  0]LogConsoleResponse: Display: 
[2018.06.03-04.42.15:656][  0]LogCook: Display: Max memory allowance for cook 16384mb min free memory 0mb
[2018.06.03-04.42.15:656][  0]LogCook: Display: Mobile HDR setting 1
[2018.06.03-04.42.15:657][  0]LogGameplayTags: Display: UGameplayTagsManager::DoneAddingNativeTags. DelegateIsBound: 0
[2018.06.03-04.42.15:657][  0]LogStats: UGameplayTagsManager::ConstructGameplayTagTree: Construct from data asset -  0.000 s
[2018.06.03-04.42.15:657][  0]LogStats: UGameplayTagsManager::ConstructGameplayTagTree: GameplayTagTreeChangedEvent.Broadcast -  0.000 s
[2018.06.03-04.42.16:729][  0]LogFileCache: Scanning file cache for directory 'C:/Users/Ben/Documents/Unreal Projects/Platformer/Content/' took 0.01s
[2018.06.03-04.42.18:089][  0]SourceControl: Source control is disabled
[2018.06.03-04.42.18:089][  0]Cmd: MAP LOAD FILE="../../../../../../Users/Ben/Documents/Unreal Projects/Platformer/Content/ThirdPersonCPP/Maps/ThirdPersonExampleMap.umap" TEMPLATE=0 SHOWPROGRESS=1 FEATURELEVEL=3
[2018.06.03-04.42.18:090][  0]LightingResults: New page: Lighting Build
[2018.06.03-04.42.18:093][  0]MapCheck: New page: Map Check
[2018.06.03-04.42.18:093][  0]LightingResults: New page: Lighting Build
[2018.06.03-04.42.18:345][  0]LogTexture: Display: Building textures: LQ_Lightmap_0_2 (DXT1, 512X512)
[2018.06.03-04.42.18:345][  0]LogTexture: Display: Building textures: LQ_Lightmap_0_1 (DXT1, 1024X1024)
[2018.06.03-04.42.18:345][  0]LogTexture: Display: Building textures: HQ_Lightmap0_2 (AutoDXT, 512X512)
[2018.06.03-04.42.18:345][  0]LogTexture: Display: Building textures: HQ_Lightmap0_1 (AutoDXT, 1024X1024)
[2018.06.03-04.42.18:345][  0]LogTexture: Display: Building textures: LQ_Lightmap_0_3 (DXT1, 64X64)
[2018.06.03-04.42.18:345][  0]LogTexture: Display: Building textures: HQ_Lightmap0_3 (AutoDXT, 64X64)
[2018.06.03-04.42.19:074][  0]LogTexture: Display: Building textures: SkyOcclusion0_2 (AutoDXT, 512X256)
[2018.06.03-04.42.19:075][  0]LogTexture: Display: Building textures: SkyOcclusion0_1 (AutoDXT, 1024X512)
[2018.06.03-04.42.19:075][  0]LogTexture: Display: Building textures: SkyOcclusion0_3 (AutoDXT, 64X32)
[2018.06.03-04.42.19:075][  0]LogTexture: Display: Building textures: ShadowMapTexture2D_1 (G8, 64X32)
[2018.06.03-04.42.19:075][  0]LogTexture: Display: Building textures: ShadowMapTexture2D_0 (G8, 2048X1024)
[2018.06.03-04.42.19:075][  0]LogAIModule: Creating AISystem for world ThirdPersonExampleMap
[2018.06.03-04.42.19:581][  0]LogEditorServer: Finished looking for orphan Actors (0.000 secs)
[2018.06.03-04.42.19:663][  0]Cmd: MAP CHECKDEP NOCLEARLOG
[2018.06.03-04.42.19:729][  0]MapCheck: Map check complete: 0 Error(s), 0 Warning(s), took 66.557ms to complete.
[2018.06.03-04.42.19:729][  0]LogFileHelpers: Loading map 'ThirdPersonExampleMap' took 1.640
[2018.06.03-04.42.20:692][  0]LogCollectionManager: Loaded 0 collections in 0.002328 seconds
[2018.06.03-04.42.20:834][  0]LogFileCache: Scanning file cache for directory 'C:/Users/Ben/Documents/Unreal Projects/Platformer/Saved/Collections/' took 0.01s
[2018.06.03-04.42.20:834][  0]LogFileCache: Scanning file cache for directory 'C:/Users/Ben/Documents/Unreal Projects/Platformer/Content/Developers/Ben/Collections/' took 0.01s
[2018.06.03-04.42.20:834][  0]LogFileCache: Scanning file cache for directory 'C:/Users/Ben/Documents/Unreal Projects/Platformer/Content/Collections/' took 0.01s
[2018.06.03-04.42.20:835][  0]LogCollectionManager: Rebuilt the GUID cache for 0 collections in 0.000000 seconds
[2018.06.03-04.42.20:853][  0]LogContentBrowser: Native class hierarchy populated in 0.0151 seconds. Added 2454 classes and 560 folders.
[2018.06.03-04.42.20:950][  0]LogContentBrowser: Native class hierarchy updated for 'WidgetCarousel' in 0.0010 seconds. Added 0 classes and 0 folders.
[2018.06.03-04.42.21:611][  0]LogContentBrowser: Native class hierarchy updated for 'AddContentDialog' in 0.0011 seconds. Added 0 classes and 0 folders.
[2018.06.03-04.42.21:667][  0]LogContentBrowser: Native class hierarchy updated for 'SceneOutliner' in 0.0009 seconds. Added 1 classes and 2 folders.
[2018.06.03-04.42.22:873][  0]LogSlate: Took 0.020807 seconds to synchronously load lazily loaded font '../../../Engine/Content/Slate/Fonts/Roboto-Regular.ttf' (155K)
[2018.06.03-04.42.22:881][  0]LogSlate: Took 0.005819 seconds to synchronously load lazily loaded font '../../../Engine/Content/Slate/Fonts/Roboto-Bold.ttf' (160K)
[2018.06.03-04.42.22:968][  0]LogSlate: Took 0.015318 seconds to synchronously load lazily loaded font '../../../Engine/Content/Editor/Slate/Fonts/FontAwesome.ttf' (139K)
[2018.06.03-04.42.23:384][  0]LogRenderer: Reallocating scene render targets to support 736x436 Format 10 NumSamples 1 (Frame:1).
[2018.06.03-04.42.24:109][  0]LogContentBrowser: Native class hierarchy updated for 'HierarchicalLODOutliner' in 0.0011 seconds. Added 0 classes and 0 folders.
[2018.06.03-04.42.24:109][  0]LogLoad: (Engine Initialization) Total time: 70.05 seconds
[2018.06.03-04.42.24:109][  0]LogLoad: (Engine Initialization) Total Blueprint compile time: 0.00 seconds
[2018.06.03-04.42.24:137][  0]LogSlate: FSceneViewport::OnFocusLost() reason 0
[2018.06.03-04.42.24:232][  0]LogContentStreaming: Texture pool size now 1000 MB
[2018.06.03-04.42.24:334][  0]LogSlate: Took 0.028537 seconds to synchronously load lazily loaded font '../../../Engine/Content/Slate/Fonts/Roboto-Light.ttf' (167K)
[2018.06.03-04.42.24:453][  1]LogAssetRegistry: Asset discovery search completed in 51.7371 seconds
[2018.06.03-04.42.24:454][  1]LogCollectionManager: Rebuilt the object cache for 0 collections in 0.000000 seconds (found 0 objects)
[2018.06.03-04.42.24:454][  1]LogCollectionManager: Fixed up redirectors for 0 collections in 0.000073 seconds (updated 0 objects)
[2018.06.03-04.42.29:318][522]LogTemp: Repeating last play command: Selected Viewport
[2018.06.03-04.42.29:366][522]LogBlueprintUserMessages: Early PlayInEditor Detection: Level '/Game/ThirdPersonCPP/Maps/ThirdPersonExampleMap.ThirdPersonExampleMap:PersistentLevel' has LevelScriptBlueprint '/Game/ThirdPersonCPP/Maps/ThirdPersonExampleMap.ThirdPersonExampleMap:PersistentLevel.ThirdPersonExampleMap' with GeneratedClass '/Game/ThirdPersonCPP/Maps/ThirdPersonExampleMap.ThirdPersonExampleMap_C' with ClassGeneratedBy '/Game/ThirdPersonCPP/Maps/ThirdPersonExampleMap.ThirdPersonExampleMap:PersistentLevel.ThirdPersonExampleMap'
[2018.06.03-04.42.29:393][522]LogPlayLevel: PlayLevel: No blueprints needed recompiling
[2018.06.03-04.42.29:546][522]PIE: New page: PIE session: ThirdPersonExampleMap (Jun 2, 2018, 2:42:29 PM)
[2018.06.03-04.42.29:563][522]LogPlayLevel: Creating play world package: /Game/ThirdPersonCPP/Maps/UEDPIE_0_ThirdPersonExampleMap
[2018.06.03-04.42.29:654][522]LogPlayLevel: PIE: StaticDuplicateObject took: (0.091732s)
[2018.06.03-04.42.29:657][522]LogAIModule: Creating AISystem for world ThirdPersonExampleMap
[2018.06.03-04.42.29:664][522]LogPlayLevel: PIE: World Init took: (0.008184s)
[2018.06.03-04.42.29:664][522]LogPlayLevel: PIE: Created PIE world by copying editor world from /Game/ThirdPersonCPP/Maps/ThirdPersonExampleMap.ThirdPersonExampleMap to /Game/ThirdPersonCPP/Maps/UEDPIE_0_ThirdPersonExampleMap.ThirdPersonExampleMap (0.101420s)
[2018.06.03-04.42.29:694][522]LogInit: XAudio2 using 'Speakers (Realtek High Definition Audio)' : 2 channels at 48 kHz using 32 bits per sample (channel mask 0x3)
[2018.06.03-04.42.29:709][522]LogInit: FAudioDevice initialized.
[2018.06.03-04.42.29:764][522]LogLoad: Game class is 'PlatformerGameMode'
[2018.06.03-04.42.29:901][522]LogWorld: Bringing World /Game/ThirdPersonCPP/Maps/UEDPIE_0_ThirdPersonExampleMap.ThirdPersonExampleMap up for play (max tick rate 0) at 2018.06.02-21.42.29
[2018.06.03-04.42.29:969][522]LogWorld: Bringing up level for play took: 0.080985
[2018.06.03-04.42.30:165][522]LogContentBrowser: Native class hierarchy updated for 'MovieSceneCapture' in 0.0011 seconds. Added 11 classes and 0 folders.
[2018.06.03-04.42.30:188][522]PIE: Play in editor start time for /Game/ThirdPersonCPP/Maps/UEDPIE_0_ThirdPersonExampleMap 0.052
[2018.06.03-04.42.30:188][522]LogBlueprintUserMessages: Late PlayInEditor Detection: Level '/Game/ThirdPersonCPP/Maps/ThirdPersonExampleMap.ThirdPersonExampleMap:PersistentLevel' has LevelScriptBlueprint '/Game/ThirdPersonCPP/Maps/ThirdPersonExampleMap.ThirdPersonExampleMap:PersistentLevel.ThirdPersonExampleMap' with GeneratedClass '/Game/ThirdPersonCPP/Maps/ThirdPersonExampleMap.ThirdPersonExampleMap_C' with ClassGeneratedBy '/Game/ThirdPersonCPP/Maps/ThirdPersonExampleMap.ThirdPersonExampleMap:PersistentLevel.ThirdPersonExampleMap'
[2018.06.03-04.42.39:557][608]LogBlueprintUserMessages: Early EndPlayMap Detection: Level '/Game/ThirdPersonCPP/Maps/ThirdPersonExampleMap.ThirdPersonExampleMap:PersistentLevel' has LevelScriptBlueprint '/Game/ThirdPersonCPP/Maps/ThirdPersonExampleMap.ThirdPersonExampleMap:PersistentLevel.ThirdPersonExampleMap' with GeneratedClass '/Game/ThirdPersonCPP/Maps/ThirdPersonExampleMap.ThirdPersonExampleMap_C' with ClassGeneratedBy '/Game/ThirdPersonCPP/Maps/ThirdPersonExampleMap.ThirdPersonExampleMap:PersistentLevel.ThirdPersonExampleMap'
[2018.06.03-04.42.39:679][608]LogBlueprintUserMessages: Late EndPlayMap Detection: Level '/Game/ThirdPersonCPP/Maps/ThirdPersonExampleMap.ThirdPersonExampleMap:PersistentLevel' has LevelScriptBlueprint '/Game/ThirdPersonCPP/Maps/ThirdPersonExampleMap.ThirdPersonExampleMap:PersistentLevel.ThirdPersonExampleMap' with GeneratedClass '/Game/ThirdPersonCPP/Maps/ThirdPersonExampleMap.ThirdPersonExampleMap_C' with ClassGeneratedBy '/Game/ThirdPersonCPP/Maps/ThirdPersonExampleMap.ThirdPersonExampleMap:PersistentLevel.ThirdPersonExampleMap'
[2018.06.03-04.42.56:863][825]LogSlate: FSceneViewport::OnFocusLost() reason 2
[2018.06.03-04.43.27:688][260]LogTemp: Repeating last play command: Selected Viewport
[2018.06.03-04.43.27:698][260]LogBlueprintUserMessages: Early PlayInEditor Detection: Level '/Game/ThirdPersonCPP/Maps/ThirdPersonExampleMap.ThirdPersonExampleMap:PersistentLevel' has LevelScriptBlueprint '/Game/ThirdPersonCPP/Maps/ThirdPersonExampleMap.ThirdPersonExampleMap:PersistentLevel.ThirdPersonExampleMap' with GeneratedClass '/Game/ThirdPersonCPP/Maps/ThirdPersonExampleMap.ThirdPersonExampleMap_C' with ClassGeneratedBy '/Game/ThirdPersonCPP/Maps/ThirdPersonExampleMap.ThirdPersonExampleMap:PersistentLevel.ThirdPersonExampleMap'
[2018.06.03-04.43.27:699][260]LogPlayLevel: PlayLevel: No blueprints needed recompiling
[2018.06.03-04.43.27:700][260]PIE: New page: PIE session: ThirdPersonExampleMap (Jun 2, 2018, 2:43:27 PM)
[2018.06.03-04.43.27:700][260]LogPlayLevel: Creating play world package: /Game/ThirdPersonCPP/Maps/UEDPIE_1_ThirdPersonExampleMap
[2018.06.03-04.43.27:715][260]LogPlayLevel: PIE: StaticDuplicateObject took: (0.015553s)
[2018.06.03-04.43.27:716][260]LogAIModule: Creating AISystem for world ThirdPersonExampleMap
[2018.06.03-04.43.27:716][260]LogPlayLevel: PIE: World Init took: (0.000941s)
[2018.06.03-04.43.27:717][260]LogPlayLevel: PIE: Created PIE world by copying editor world from /Game/ThirdPersonCPP/Maps/ThirdPersonExampleMap.ThirdPersonExampleMap to /Game/ThirdPersonCPP/Maps/UEDPIE_1_ThirdPersonExampleMap.ThirdPersonExampleMap (0.016680s)
[2018.06.03-04.43.27:736][260]LogInit: XAudio2 using 'Speakers (Realtek High Definition Audio)' : 2 channels at 48 kHz using 32 bits per sample (channel mask 0x3)
[2018.06.03-04.43.27:751][260]LogInit: FAudioDevice initialized.
[2018.06.03-04.43.27:786][260]LogLoad: Game class is 'PlatformerGameMode'
[2018.06.03-04.43.27:788][260]LogWorld: Bringing World /Game/ThirdPersonCPP/Maps/UEDPIE_1_ThirdPersonExampleMap.ThirdPersonExampleMap up for play (max tick rate 0) at 2018.06.02-21.43.27
[2018.06.03-04.43.27:788][260]LogWorld: Bringing up level for play took: 0.001915
[2018.06.03-04.43.27:805][260]LogTemp: Display: ParseSettings for GameNetDriver
[2018.06.03-04.43.27:831][260]LogTemp: Display: ParseSettings for IpNetDriver_0
[2018.06.03-04.43.27:831][260]LogTemp: Display: ParseSettings for GameNetDriver
[2018.06.03-04.43.27:857][260]LogInit: WinSock: Socket queue 131072 / 131072
[2018.06.03-04.43.27:864][260]PacketHandlerLog: Loaded PacketHandler component: Engine.EngineHandlerComponentFactory (StatelessConnectHandlerComponent)
[2018.06.03-04.43.27:872][260]LogNet: GameNetDriver IpNetDriver_0 IpNetDriver listening on port 17777
[2018.06.03-04.43.27:873][260]PIE: Play in editor start time for /Game/ThirdPersonCPP/Maps/UEDPIE_1_ThirdPersonExampleMap -0.262
[2018.06.03-04.43.27:874][260]PIE: New page: PIE session: ThirdPersonExampleMap (Jun 2, 2018, 2:43:27 PM)
[2018.06.03-04.43.27:887][260]LogSlate: FSceneViewport::OnFocusLost() reason 2
[2018.06.03-04.43.27:991][260]LogNet: Browse: 127.0.0.1:17777//Game/ThirdPersonCPP/Maps/ThirdPersonExampleMap
[2018.06.03-04.43.27:997][260]LogTemp: Display: ParseSettings for GameNetDriver
[2018.06.03-04.43.27:998][260]LogTemp: Display: ParseSettings for IpNetDriver_1
[2018.06.03-04.43.27:998][260]LogTemp: Display: ParseSettings for PendingNetDriver
[2018.06.03-04.43.27:998][260]LogInit: WinSock: Socket queue 32768 / 32768
[2018.06.03-04.43.28:008][260]PacketHandlerLog: Loaded PacketHandler component: Engine.EngineHandlerComponentFactory (StatelessConnectHandlerComponent)
[2018.06.03-04.43.28:029][260]LogNet: Game client on port 17777, rate 10000
[2018.06.03-04.43.28:042][260]PIE: Play in editor start time for /Game/ThirdPersonCPP/Maps/ThirdPersonExampleMap -0.093
[2018.06.03-04.43.28:050][260]LogBlueprintUserMessages: Late PlayInEditor Detection: Level '/Game/ThirdPersonCPP/Maps/ThirdPersonExampleMap.ThirdPersonExampleMap:PersistentLevel' has LevelScriptBlueprint '/Game/ThirdPersonCPP/Maps/ThirdPersonExampleMap.ThirdPersonExampleMap:PersistentLevel.ThirdPersonExampleMap' with GeneratedClass '/Game/ThirdPersonCPP/Maps/ThirdPersonExampleMap.ThirdPersonExampleMap_C' with ClassGeneratedBy '/Game/ThirdPersonCPP/Maps/ThirdPersonExampleMap.ThirdPersonExampleMap:PersistentLevel.ThirdPersonExampleMap'
[2018.06.03-04.43.28:070][260]LogNet: NotifyAcceptingConnection accepted from: 127.0.0.1:56350
[2018.06.03-04.43.28:073][260]LogHandshake: SendConnectChallenge. Timestamp: 0.008818, Cookie: 167190036054225227231238040154182018121230029067223202205199
[2018.06.03-04.43.28:091][260]LogHandshake: SendChallengeResponse. Timestamp: 0.008818, Cookie: 167190036054225227231238040154182018121230029067223202205199
[2018.06.03-04.43.28:149][261]LogNet: NotifyAcceptingConnection accepted from: 127.0.0.1:56350
[2018.06.03-04.43.28:149][261]LogHandshake: SendChallengeAck. InCookie: 167190036054225227231238040154182018121230029067223202205199
[2018.06.03-04.43.28:150][261]LogNet: Server accepting post-challenge connection from: 127.0.0.1:56350
[2018.06.03-04.43.28:150][261]PacketHandlerLog: Loaded PacketHandler component: Engine.EngineHandlerComponentFactory (StatelessConnectHandlerComponent)
[2018.06.03-04.43.28:150][261]LogNet: NotifyAcceptedConnection: Name: ThirdPersonExampleMap, TimeStamp: 06/02/18 21:43:28, [UNetConnection] RemoteAddr: 127.0.0.1:56350, Name: IpConnection_1, Driver: GameNetDriver IpNetDriver_0, IsServer: YES, PC: NULL, Owner: NULL, UniqueId: INVALID
[2018.06.03-04.43.28:150][261]LogNet: AddClientConnection: Added client connection: [UNetConnection] RemoteAddr: 127.0.0.1:56350, Name: IpConnection_1, Driver: GameNetDriver IpNetDriver_0, IsServer: YES, PC: NULL, Owner: NULL, UniqueId: INVALID
[2018.06.03-04.43.28:151][261]LogNetVersion: Platformer 1.0.0.0, NetCL: 3944462, EngineNetVer: 2, GameNetVer: 0 (Checksum: 3624143294)
[2018.06.03-04.43.28:157][261]LogNet: UPendingNetGame::SendInitialJoin: Sending hello. [UNetConnection] RemoteAddr: 127.0.0.1:17777, Name: IpConnection_0, Driver: PendingNetDriver IpNetDriver_1, IsServer: NO, PC: NULL, Owner: NULL, UniqueId: INVALID
[2018.06.03-04.43.28:173][262]LogNet: NotifyAcceptingChannel Control 0 server World /Game/ThirdPersonCPP/Maps/UEDPIE_1_ThirdPersonExampleMap.ThirdPersonExampleMap: Accepted
[2018.06.03-04.43.28:174][262]LogNet: Remote platform little endian=1
[2018.06.03-04.43.28:174][262]LogNet: This platform little endian=1
[2018.06.03-04.43.28:190][263]LogNet: Login request: /Game/ThirdPersonCPP/Maps/ThirdPersonExampleMap userId: Invalid
[2018.06.03-04.43.28:191][263]LogNet: Welcomed by server (Level: /Game/ThirdPersonCPP/Maps/UEDPIE_1_ThirdPersonExampleMap, Game: /Script/Platformer.PlatformerGameMode)
[2018.06.03-04.43.28:195][263]LogLoad: LoadMap: 127.0.0.1:17777//Game/ThirdPersonCPP/Maps/UEDPIE_1_ThirdPersonExampleMap?game=/Script/Platformer.PlatformerGameMode
[2018.06.03-04.43.28:250][263]LogAIModule: Creating AISystem for world ThirdPersonExampleMap
[2018.06.03-04.43.28:250][263]LogTemp: Display: ParseSettings for GameNetDriver
[2018.06.03-04.43.28:253][263]LogWorld: Bringing World /Game/ThirdPersonCPP/Maps/UEDPIE_2_ThirdPersonExampleMap.ThirdPersonExampleMap up for play (max tick rate 0) at 2018.06.02-21.43.28
[2018.06.03-04.43.28:253][263]LogWorld: Bringing up level for play took: 0.002407
[2018.06.03-04.43.28:254][263]LogLoad: Took 0.058784 seconds to LoadMap(/Game/ThirdPersonCPP/Maps/UEDPIE_1_ThirdPersonExampleMap)
[2018.06.03-04.43.28:274][264]LogNet: Client netspeed is 10000
[2018.06.03-04.43.28:274][264]LogNet: Join request: /Game/ThirdPersonCPP/Maps/ThirdPersonExampleMap?SplitscreenCount=1
[2018.06.03-04.43.28:342][264]LogRenderer: Reallocating scene render targets to support 1016x544 Format 10 NumSamples 1 (Frame:1).
[2018.06.03-04.43.28:343][264]LogNet: Join succeeded: 258
[2018.06.03-04.43.34:431][949]LogBlueprintUserMessages: Early EndPlayMap Detection: Level '/Game/ThirdPersonCPP/Maps/ThirdPersonExampleMap.ThirdPersonExampleMap:PersistentLevel' has LevelScriptBlueprint '/Game/ThirdPersonCPP/Maps/ThirdPersonExampleMap.ThirdPersonExampleMap:PersistentLevel.ThirdPersonExampleMap' with GeneratedClass '/Game/ThirdPersonCPP/Maps/ThirdPersonExampleMap.ThirdPersonExampleMap_C' with ClassGeneratedBy '/Game/ThirdPersonCPP/Maps/ThirdPersonExampleMap.ThirdPersonExampleMap:PersistentLevel.ThirdPersonExampleMap'
[2018.06.03-04.43.34:445][949]LogSlate: Window 'Platformer Game Preview Client 1 (64-bit/PCD3D_SM5)' being destroyed
[2018.06.03-04.43.34:537][949]LogBlueprintUserMessages: Late EndPlayMap Detection: Level '/Game/ThirdPersonCPP/Maps/ThirdPersonExampleMap.ThirdPersonExampleMap:PersistentLevel' has LevelScriptBlueprint '/Game/ThirdPersonCPP/Maps/ThirdPersonExampleMap.ThirdPersonExampleMap:PersistentLevel.ThirdPersonExampleMap' with GeneratedClass '/Game/ThirdPersonCPP/Maps/ThirdPersonExampleMap.ThirdPersonExampleMap_C' with ClassGeneratedBy '/Game/ThirdPersonCPP/Maps/ThirdPersonExampleMap.ThirdPersonExampleMap:PersistentLevel.ThirdPersonExampleMap'
[2018.06.03-04.43.34:546][949]LogNet: UChannel::CleanUp: ChIndex == 0. Closing connection. [UChannel] ChIndex: 0, Closing: 0 [UNetConnection] RemoteAddr: 127.0.0.1:56350, Name: IpConnection_1, Driver: GameNetDriver IpNetDriver_0, IsServer: YES, PC: None, Owner: None, UniqueId: INVALID
[2018.06.03-04.43.34:546][949]LogNet: UNetConnection::Close: [UNetConnection] RemoteAddr: 127.0.0.1:56350, Name: IpConnection_1, Driver: GameNetDriver IpNetDriver_0, IsServer: YES, PC: None, Owner: None, UniqueId: INVALID, Channels: 2, Time: 2018.06.03-04.43.34
[2018.06.03-04.43.34:546][949]LogNet: UChannel::Close: Sending CloseBunch. ChIndex == 0. Name: [UChannel] ChIndex: 0, Closing: 0 [UNetConnection] RemoteAddr: 127.0.0.1:56350, Name: IpConnection_1, Driver: GameNetDriver IpNetDriver_0, IsServer: YES, PC: None, Owner: None, UniqueId: INVALID
[2018.06.03-04.43.34:547][949]LogNet: UChannel::CleanUp: ChIndex == 0. Closing connection. [UChannel] ChIndex: 0, Closing: 0 [UNetConnection] RemoteAddr: 127.0.0.1:17777, Name: IpConnection_0, Driver: GameNetDriver IpNetDriver_1, IsServer: NO, PC: None, Owner: None, UniqueId: INVALID
[2018.06.03-04.43.34:547][949]LogNet: UNetConnection::Close: [UNetConnection] RemoteAddr: 127.0.0.1:17777, Name: IpConnection_0, Driver: GameNetDriver IpNetDriver_1, IsServer: NO, PC: None, Owner: None, UniqueId: INVALID, Channels: 2, Time: 2018.06.03-04.43.34
[2018.06.03-04.43.34:547][949]LogNet: UChannel::Close: Sending CloseBunch. ChIndex == 0. Name: [UChannel] ChIndex: 0, Closing: 0 [UNetConnection] RemoteAddr: 127.0.0.1:17777, Name: IpConnection_0, Driver: GameNetDriver IpNetDriver_1, IsServer: NO, PC: None, Owner: None, UniqueId: INVALID
[2018.06.03-04.43.34:550][949]LogExit: GameNetDriver None shut down
[2018.06.03-04.43.34:550][949]LogExit: GameNetDriver None shut down
[2018.06.03-04.44.03:323][122]LogSlate: FSceneViewport::OnFocusLost() reason 2
[2018.06.03-04.44.07:735][334]LogEditorViewport: Clicking on Actor (LMB): StaticMeshActor (Floor)
[2018.06.03-04.44.10:328][539]LogSlate: FSceneViewport::OnFocusLost() reason 2
[2018.06.03-04.44.11:332][645]LogTemp: Repeating last play command: Selected Viewport
[2018.06.03-04.44.11:347][645]LogBlueprintUserMessages: Early PlayInEditor Detection: Level '/Game/ThirdPersonCPP/Maps/ThirdPersonExampleMap.ThirdPersonExampleMap:PersistentLevel' has LevelScriptBlueprint '/Game/ThirdPersonCPP/Maps/ThirdPersonExampleMap.ThirdPersonExampleMap:PersistentLevel.ThirdPersonExampleMap' with GeneratedClass '/Game/ThirdPersonCPP/Maps/ThirdPersonExampleMap.ThirdPersonExampleMap_C' with ClassGeneratedBy '/Game/ThirdPersonCPP/Maps/ThirdPersonExampleMap.ThirdPersonExampleMap:PersistentLevel.ThirdPersonExampleMap'
[2018.06.03-04.44.11:347][645]LogPlayLevel: PlayLevel: No blueprints needed recompiling
[2018.06.03-04.44.11:348][645]PIE: New page: PIE session: ThirdPersonExampleMap (Jun 2, 2018, 2:44:11 PM)
[2018.06.03-04.44.11:349][645]LogPlayLevel: Creating play world package: /Game/ThirdPersonCPP/Maps/UEDPIE_1_ThirdPersonExampleMap
[2018.06.03-04.44.11:367][645]LogPlayLevel: PIE: StaticDuplicateObject took: (0.018124s)
[2018.06.03-04.44.11:368][645]LogAIModule: Creating AISystem for world ThirdPersonExampleMap
[2018.06.03-04.44.11:368][645]LogPlayLevel: PIE: World Init took: (0.001201s)
[2018.06.03-04.44.11:368][645]LogPlayLevel: PIE: Created PIE world by copying editor world from /Game/ThirdPersonCPP/Maps/ThirdPersonExampleMap.ThirdPersonExampleMap to /Game/ThirdPersonCPP/Maps/UEDPIE_1_ThirdPersonExampleMap.ThirdPersonExampleMap (0.019646s)
[2018.06.03-04.44.11:414][645]LogInit: XAudio2 using 'Speakers (Realtek High Definition Audio)' : 2 channels at 48 kHz using 32 bits per sample (channel mask 0x3)
[2018.06.03-04.44.11:430][645]LogInit: FAudioDevice initialized.
[2018.06.03-04.44.11:430][645]LogSlate: FSceneViewport::OnFocusLost() reason 2
[2018.06.03-04.44.11:469][645]LogLoad: Game class is 'PlatformerGameMode'
[2018.06.03-04.44.11:470][645]LogWorld: Bringing World /Game/ThirdPersonCPP/Maps/UEDPIE_1_ThirdPersonExampleMap.ThirdPersonExampleMap up for play (max tick rate 0) at 2018.06.02-21.44.11
[2018.06.03-04.44.11:471][645]LogWorld: Bringing up level for play took: 0.001837
[2018.06.03-04.44.11:472][645]LogTemp: Display: ParseSettings for GameNetDriver
[2018.06.03-04.44.11:472][645]LogTemp: Display: ParseSettings for IpNetDriver_2
[2018.06.03-04.44.11:472][645]LogTemp: Display: ParseSettings for GameNetDriver
[2018.06.03-04.44.11:472][645]LogInit: WinSock: Socket queue 131072 / 131072
[2018.06.03-04.44.11:472][645]PacketHandlerLog: Loaded PacketHandler component: Engine.EngineHandlerComponentFactory (StatelessConnectHandlerComponent)
[2018.06.03-04.44.11:472][645]LogNet: GameNetDriver IpNetDriver_2 IpNetDriver listening on port 17777
[2018.06.03-04.44.11:473][645]PIE: Play in editor start time for /Game/ThirdPersonCPP/Maps/UEDPIE_1_ThirdPersonExampleMap -0.663
[2018.06.03-04.44.11:474][645]PIE: New page: PIE session: ThirdPersonExampleMap (Jun 2, 2018, 2:44:11 PM)
[2018.06.03-04.44.11:479][645]LogSlate: FSceneViewport::OnFocusLost() reason 2
[2018.06.03-04.44.11:561][645]LogNet: Browse: 127.0.0.1:17777//Game/ThirdPersonCPP/Maps/ThirdPersonExampleMap
[2018.06.03-04.44.11:561][645]LogTemp: Display: ParseSettings for GameNetDriver
[2018.06.03-04.44.11:561][645]LogTemp: Display: ParseSettings for IpNetDriver_3
[2018.06.03-04.44.11:561][645]LogTemp: Display: ParseSettings for PendingNetDriver
[2018.06.03-04.44.11:561][645]LogInit: WinSock: Socket queue 32768 / 32768
[2018.06.03-04.44.11:561][645]PacketHandlerLog: Loaded PacketHandler component: Engine.EngineHandlerComponentFactory (StatelessConnectHandlerComponent)
[2018.06.03-04.44.11:562][645]LogNet: Game client on port 17777, rate 10000
[2018.06.03-04.44.11:565][645]PIE: Play in editor start time for /Game/ThirdPersonCPP/Maps/ThirdPersonExampleMap -0.57
[2018.06.03-04.44.11:572][645]LogBlueprintUserMessages: Late PlayInEditor Detection: Level '/Game/ThirdPersonCPP/Maps/ThirdPersonExampleMap.ThirdPersonExampleMap:PersistentLevel' has LevelScriptBlueprint '/Game/ThirdPersonCPP/Maps/ThirdPersonExampleMap.ThirdPersonExampleMap:PersistentLevel.ThirdPersonExampleMap' with GeneratedClass '/Game/ThirdPersonCPP/Maps/ThirdPersonExampleMap.ThirdPersonExampleMap_C' with ClassGeneratedBy '/Game/ThirdPersonCPP/Maps/ThirdPersonExampleMap.ThirdPersonExampleMap:PersistentLevel.ThirdPersonExampleMap'
[2018.06.03-04.44.11:572][645]LogNet: NotifyAcceptingConnection accepted from: 127.0.0.1:50365
[2018.06.03-04.44.11:572][645]LogHandshake: SendConnectChallenge. Timestamp: 0.012312, Cookie: 239153152124161076136108233144047248014022135073240024217180
[2018.06.03-04.44.11:573][645]LogHandshake: SendChallengeResponse. Timestamp: 0.012312, Cookie: 239153152124161076136108233144047248014022135073240024217180
[2018.06.03-04.44.11:642][646]LogNet: NotifyAcceptingConnection accepted from: 127.0.0.1:50365
[2018.06.03-04.44.11:642][646]LogHandshake: SendChallengeAck. InCookie: 239153152124161076136108233144047248014022135073240024217180
[2018.06.03-04.44.11:642][646]LogNet: Server accepting post-challenge connection from: 127.0.0.1:50365
[2018.06.03-04.44.11:642][646]PacketHandlerLog: Loaded PacketHandler component: Engine.EngineHandlerComponentFactory (StatelessConnectHandlerComponent)
[2018.06.03-04.44.11:642][646]LogNet: NotifyAcceptedConnection: Name: ThirdPersonExampleMap, TimeStamp: 06/02/18 21:44:11, [UNetConnection] RemoteAddr: 127.0.0.1:50365, Name: IpConnection_3, Driver: GameNetDriver IpNetDriver_2, IsServer: YES, PC: NULL, Owner: NULL, UniqueId: INVALID
[2018.06.03-04.44.11:642][646]LogNet: AddClientConnection: Added client connection: [UNetConnection] RemoteAddr: 127.0.0.1:50365, Name: IpConnection_3, Driver: GameNetDriver IpNetDriver_2, IsServer: YES, PC: NULL, Owner: NULL, UniqueId: INVALID
[2018.06.03-04.44.11:642][646]LogNet: UPendingNetGame::SendInitialJoin: Sending hello. [UNetConnection] RemoteAddr: 127.0.0.1:17777, Name: IpConnection_2, Driver: PendingNetDriver IpNetDriver_3, IsServer: NO, PC: NULL, Owner: NULL, UniqueId: INVALID
[2018.06.03-04.44.11:650][647]LogNet: NotifyAcceptingChannel Control 0 server World /Game/ThirdPersonCPP/Maps/UEDPIE_1_ThirdPersonExampleMap.ThirdPersonExampleMap: Accepted
[2018.06.03-04.44.11:651][647]LogNet: Remote platform little endian=1
[2018.06.03-04.44.11:651][647]LogNet: This platform little endian=1
[2018.06.03-04.44.11:658][648]LogNet: Login request: /Game/ThirdPersonCPP/Maps/ThirdPersonExampleMap userId: Invalid
[2018.06.03-04.44.11:659][648]LogNet: Welcomed by server (Level: /Game/ThirdPersonCPP/Maps/UEDPIE_1_ThirdPersonExampleMap, Game: /Script/Platformer.PlatformerGameMode)
[2018.06.03-04.44.11:659][648]LogLoad: LoadMap: 127.0.0.1:17777//Game/ThirdPersonCPP/Maps/UEDPIE_1_ThirdPersonExampleMap?game=/Script/Platformer.PlatformerGameMode
[2018.06.03-04.44.11:685][648]LogAIModule: Creating AISystem for world ThirdPersonExampleMap
[2018.06.03-04.44.11:685][648]LogTemp: Display: ParseSettings for GameNetDriver
[2018.06.03-04.44.11:687][648]LogWorld: Bringing World /Game/ThirdPersonCPP/Maps/UEDPIE_2_ThirdPersonExampleMap.ThirdPersonExampleMap up for play (max tick rate 0) at 2018.06.02-21.44.11
[2018.06.03-04.44.11:687][648]LogWorld: Bringing up level for play took: 0.001796
[2018.06.03-04.44.11:687][648]LogLoad: Took 0.028083 seconds to LoadMap(/Game/ThirdPersonCPP/Maps/UEDPIE_1_ThirdPersonExampleMap)
[2018.06.03-04.44.11:708][649]LogNet: Client netspeed is 10000
[2018.06.03-04.44.11:708][649]LogNet: Join request: /Game/ThirdPersonCPP/Maps/ThirdPersonExampleMap?SplitscreenCount=1
[2018.06.03-04.44.11:710][649]LogNet: Join succeeded: 260
[2018.06.03-04.44.16:159][117]LogSlate: FSceneViewport::OnFocusLost() reason 2
[2018.06.03-04.44.25:516][602]LogSlate: FSceneViewport::OnFocusLost() reason 2
[2018.06.03-04.44.33:673][530]LogBlueprintUserMessages: Early EndPlayMap Detection: Level '/Game/ThirdPersonCPP/Maps/ThirdPersonExampleMap.ThirdPersonExampleMap:PersistentLevel' has LevelScriptBlueprint '/Game/ThirdPersonCPP/Maps/ThirdPersonExampleMap.ThirdPersonExampleMap:PersistentLevel.ThirdPersonExampleMap' with GeneratedClass '/Game/ThirdPersonCPP/Maps/ThirdPersonExampleMap.ThirdPersonExampleMap_C' with ClassGeneratedBy '/Game/ThirdPersonCPP/Maps/ThirdPersonExampleMap.ThirdPersonExampleMap:PersistentLevel.ThirdPersonExampleMap'
[2018.06.03-04.44.33:687][530]LogSlate: Window 'Platformer Game Preview Client 1 (64-bit/PCD3D_SM5)' being destroyed
[2018.06.03-04.44.33:753][530]LogBlueprintUserMessages: Late EndPlayMap Detection: Level '/Game/ThirdPersonCPP/Maps/ThirdPersonExampleMap.ThirdPersonExampleMap:PersistentLevel' has LevelScriptBlueprint '/Game/ThirdPersonCPP/Maps/ThirdPersonExampleMap.ThirdPersonExampleMap:PersistentLevel.ThirdPersonExampleMap' with GeneratedClass '/Game/ThirdPersonCPP/Maps/ThirdPersonExampleMap.ThirdPersonExampleMap_C' with ClassGeneratedBy '/Game/ThirdPersonCPP/Maps/ThirdPersonExampleMap.ThirdPersonExampleMap:PersistentLevel.ThirdPersonExampleMap'
[2018.06.03-04.44.33:763][530]LogNet: UChannel::CleanUp: ChIndex == 0. Closing connection. [UChannel] ChIndex: 0, Closing: 0 [UNetConnection] RemoteAddr: 127.0.0.1:50365, Name: IpConnection_3, Driver: GameNetDriver IpNetDriver_2, IsServer: YES, PC: None, Owner: None, UniqueId: INVALID
[2018.06.03-04.44.33:763][530]LogNet: UNetConnection::Close: [UNetConnection] RemoteAddr: 127.0.0.1:50365, Name: IpConnection_3, Driver: GameNetDriver IpNetDriver_2, IsServer: YES, PC: None, Owner: None, UniqueId: INVALID, Channels: 2, Time: 2018.06.03-04.44.33
[2018.06.03-04.44.33:763][530]LogNet: UChannel::Close: Sending CloseBunch. ChIndex == 0. Name: [UChannel] ChIndex: 0, Closing: 0 [UNetConnection] RemoteAddr: 127.0.0.1:50365, Name: IpConnection_3, Driver: GameNetDriver IpNetDriver_2, IsServer: YES, PC: None, Owner: None, UniqueId: INVALID
[2018.06.03-04.44.33:763][530]LogNet: UChannel::CleanUp: ChIndex == 0. Closing connection. [UChannel] ChIndex: 0, Closing: 0 [UNetConnection] RemoteAddr: 127.0.0.1:17777, Name: IpConnection_2, Driver: GameNetDriver IpNetDriver_3, IsServer: NO, PC: None, Owner: None, UniqueId: INVALID
[2018.06.03-04.44.33:763][530]LogNet: UNetConnection::Close: [UNetConnection] RemoteAddr: 127.0.0.1:17777, Name: IpConnection_2, Driver: GameNetDriver IpNetDriver_3, IsServer: NO, PC: None, Owner: None, UniqueId: INVALID, Channels: 2, Time: 2018.06.03-04.44.33
[2018.06.03-04.44.33:763][530]LogNet: UChannel::Close: Sending CloseBunch. ChIndex == 0. Name: [UChannel] ChIndex: 0, Closing: 0 [UNetConnection] RemoteAddr: 127.0.0.1:17777, Name: IpConnection_2, Driver: GameNetDriver IpNetDriver_3, IsServer: NO, PC: None, Owner: None, UniqueId: INVALID
[2018.06.03-04.44.33:766][530]LogExit: GameNetDriver None shut down
[2018.06.03-04.44.33:767][530]LogExit: GameNetDriver None shut down
[2018.06.03-04.47.59:314][400]LogSlate: FSceneViewport::OnFocusLost() reason 2
[2018.06.03-04.48.03:899][844]LogSlate: FSceneViewport::OnFocusLost() reason 2
[2018.06.03-04.48.04:613][925]LogTemp: Repeating last play command: Standalone Game
[2018.06.03-04.48.08:270][358]LogEditorViewport: Clicking on Actor (LMB): StaticMeshActor (Ramp_StaticMesh)
[2018.06.03-04.48.10:778][581]LogEditorViewport: Clicking on Actor (LMB): StaticMeshActor (Ramp_StaticMesh)
[2018.06.03-04.48.12:839][797]LogSlate: FSceneViewport::OnFocusLost() reason 2
[2018.06.03-04.48.16:545][160]LogBlueprintUserMessages: Early PlayInEditor Detection: Level '/Game/ThirdPersonCPP/Maps/ThirdPersonExampleMap.ThirdPersonExampleMap:PersistentLevel' has LevelScriptBlueprint '/Game/ThirdPersonCPP/Maps/ThirdPersonExampleMap.ThirdPersonExampleMap:PersistentLevel.ThirdPersonExampleMap' with GeneratedClass '/Game/ThirdPersonCPP/Maps/ThirdPersonExampleMap.ThirdPersonExampleMap_C' with ClassGeneratedBy '/Game/ThirdPersonCPP/Maps/ThirdPersonExampleMap.ThirdPersonExampleMap:PersistentLevel.ThirdPersonExampleMap'
[2018.06.03-04.48.16:545][160]LogPlayLevel: PlayLevel: No blueprints needed recompiling
[2018.06.03-04.48.16:545][160]PIE: New page: SIE session: ThirdPersonExampleMap (Jun 2, 2018, 2:48:16 PM)
[2018.06.03-04.48.16:545][160]LogPlayLevel: Creating play world package: /Game/ThirdPersonCPP/Maps/UEDPIE_0_ThirdPersonExampleMap
[2018.06.03-04.48.16:566][160]LogPlayLevel: PIE: StaticDuplicateObject took: (0.021015s)
[2018.06.03-04.48.16:567][160]LogAIModule: Creating AISystem for world ThirdPersonExampleMap
[2018.06.03-04.48.16:568][160]LogPlayLevel: PIE: World Init took: (0.001449s)
[2018.06.03-04.48.16:568][160]LogPlayLevel: PIE: Created PIE world by copying editor world from /Game/ThirdPersonCPP/Maps/ThirdPersonExampleMap.ThirdPersonExampleMap to /Game/ThirdPersonCPP/Maps/UEDPIE_0_ThirdPersonExampleMap.ThirdPersonExampleMap (0.022772s)
[2018.06.03-04.48.16:588][160]LogInit: XAudio2 using 'Speakers (Realtek High Definition Audio)' : 2 channels at 48 kHz using 32 bits per sample (channel mask 0x3)
[2018.06.03-04.48.16:607][160]LogInit: FAudioDevice initialized.
[2018.06.03-04.48.16:607][160]LogSlate: FSceneViewport::OnFocusLost() reason 2
[2018.06.03-04.48.16:644][160]LogLoad: Game class is 'PlatformerGameMode'
[2018.06.03-04.48.16:647][160]LogWorld: Bringing World /Game/ThirdPersonCPP/Maps/UEDPIE_0_ThirdPersonExampleMap.ThirdPersonExampleMap up for play (max tick rate 0) at 2018.06.02-21.48.16
[2018.06.03-04.48.16:647][160]LogWorld: Bringing up level for play took: 0.002199
[2018.06.03-04.48.16:648][160]LogTemp: Display: ParseSettings for GameNetDriver
[2018.06.03-04.48.16:648][160]LogTemp: Display: ParseSettings for IpNetDriver_4
[2018.06.03-04.48.16:648][160]LogTemp: Display: ParseSettings for GameNetDriver
[2018.06.03-04.48.16:648][160]LogInit: WinSock: Socket queue 131072 / 131072
[2018.06.03-04.48.16:649][160]PacketHandlerLog: Loaded PacketHandler component: Engine.EngineHandlerComponentFactory (StatelessConnectHandlerComponent)
[2018.06.03-04.48.16:649][160]LogNet: GameNetDriver IpNetDriver_4 IpNetDriver listening on port 17777
[2018.06.03-04.48.16:650][160]PIE: Play in editor start time for /Game/ThirdPersonCPP/Maps/UEDPIE_0_ThirdPersonExampleMap 0.514
[2018.06.03-04.48.16:798][160]LogBlueprintUserMessages: Late PlayInEditor Detection: Level '/Game/ThirdPersonCPP/Maps/ThirdPersonExampleMap.ThirdPersonExampleMap:PersistentLevel' has LevelScriptBlueprint '/Game/ThirdPersonCPP/Maps/ThirdPersonExampleMap.ThirdPersonExampleMap:PersistentLevel.ThirdPersonExampleMap' with GeneratedClass '/Game/ThirdPersonCPP/Maps/ThirdPersonExampleMap.ThirdPersonExampleMap_C' with ClassGeneratedBy '/Game/ThirdPersonCPP/Maps/ThirdPersonExampleMap.ThirdPersonExampleMap:PersistentLevel.ThirdPersonExampleMap'
[2018.06.03-04.48.19:096][379]LogEditorViewport: Clicking on Actor (LMB): StaticMeshActor (Floor)
[2018.06.03-04.48.20:761][514]LogSlate: FSceneViewport::OnFocusLost() reason 2
[2018.06.03-04.48.22:870][754]LogBlueprintUserMessages: Early EndPlayMap Detection: Level '/Game/ThirdPersonCPP/Maps/ThirdPersonExampleMap.ThirdPersonExampleMap:PersistentLevel' has LevelScriptBlueprint '/Game/ThirdPersonCPP/Maps/ThirdPersonExampleMap.ThirdPersonExampleMap:PersistentLevel.ThirdPersonExampleMap' with GeneratedClass '/Game/ThirdPersonCPP/Maps/ThirdPersonExampleMap.ThirdPersonExampleMap_C' with ClassGeneratedBy '/Game/ThirdPersonCPP/Maps/ThirdPersonExampleMap.ThirdPersonExampleMap:PersistentLevel.ThirdPersonExampleMap'
[2018.06.03-04.48.22:904][754]LogBlueprintUserMessages: Late EndPlayMap Detection: Level '/Game/ThirdPersonCPP/Maps/ThirdPersonExampleMap.ThirdPersonExampleMap:PersistentLevel' has LevelScriptBlueprint '/Game/ThirdPersonCPP/Maps/ThirdPersonExampleMap.ThirdPersonExampleMap:PersistentLevel.ThirdPersonExampleMap' with GeneratedClass '/Game/ThirdPersonCPP/Maps/ThirdPersonExampleMap.ThirdPersonExampleMap_C' with ClassGeneratedBy '/Game/ThirdPersonCPP/Maps/ThirdPersonExampleMap.ThirdPersonExampleMap:PersistentLevel.ThirdPersonExampleMap'
[2018.06.03-04.48.22:916][754]LogExit: GameNetDriver None shut down
[2018.06.03-04.48.23:303][798]LogSlate: FSceneViewport::OnFocusLost() reason 2
[2018.06.03-04.48.27:251][262]LogBlueprintUserMessages: Early PlayInEditor Detection: Level '/Game/ThirdPersonCPP/Maps/ThirdPersonExampleMap.ThirdPersonExampleMap:PersistentLevel' has LevelScriptBlueprint '/Game/ThirdPersonCPP/Maps/ThirdPersonExampleMap.ThirdPersonExampleMap:PersistentLevel.ThirdPersonExampleMap' with GeneratedClass '/Game/ThirdPersonCPP/Maps/ThirdPersonExampleMap.ThirdPersonExampleMap_C' with ClassGeneratedBy '/Game/ThirdPersonCPP/Maps/ThirdPersonExampleMap.ThirdPersonExampleMap:PersistentLevel.ThirdPersonExampleMap'
[2018.06.03-04.48.27:251][262]LogPlayLevel: PlayLevel: No blueprints needed recompiling
[2018.06.03-04.48.27:252][262]PIE: New page: PIE session: ThirdPersonExampleMap (Jun 2, 2018, 2:48:27 PM)
[2018.06.03-04.48.27:252][262]LogPlayLevel: Creating play world package: /Game/ThirdPersonCPP/Maps/UEDPIE_1_ThirdPersonExampleMap
[2018.06.03-04.48.27:268][262]LogPlayLevel: PIE: StaticDuplicateObject took: (0.015801s)
[2018.06.03-04.48.27:269][262]LogAIModule: Creating AISystem for world ThirdPersonExampleMap
[2018.06.03-04.48.27:269][262]LogPlayLevel: PIE: World Init took: (0.000873s)
[2018.06.03-04.48.27:269][262]LogPlayLevel: PIE: Created PIE world by copying editor world from /Game/ThirdPersonCPP/Maps/ThirdPersonExampleMap.ThirdPersonExampleMap to /Game/ThirdPersonCPP/Maps/UEDPIE_1_ThirdPersonExampleMap.ThirdPersonExampleMap (0.016850s)
[2018.06.03-04.48.27:291][262]LogInit: XAudio2 using 'Speakers (Realtek High Definition Audio)' : 2 channels at 48 kHz using 32 bits per sample (channel mask 0x3)
[2018.06.03-04.48.27:306][262]LogInit: FAudioDevice initialized.
[2018.06.03-04.48.27:307][262]LogSlate: FSceneViewport::OnFocusLost() reason 2
[2018.06.03-04.48.27:339][262]LogLoad: Game class is 'PlatformerGameMode'
[2018.06.03-04.48.27:341][262]LogWorld: Bringing World /Game/ThirdPersonCPP/Maps/UEDPIE_1_ThirdPersonExampleMap.ThirdPersonExampleMap up for play (max tick rate 0) at 2018.06.02-21.48.27
[2018.06.03-04.48.27:342][262]LogWorld: Bringing up level for play took: 0.001708
[2018.06.03-04.48.27:342][262]LogTemp: Display: ParseSettings for GameNetDriver
[2018.06.03-04.48.27:342][262]LogTemp: Display: ParseSettings for IpNetDriver_5
[2018.06.03-04.48.27:343][262]LogTemp: Display: ParseSettings for GameNetDriver
[2018.06.03-04.48.27:343][262]LogInit: WinSock: Socket queue 131072 / 131072
[2018.06.03-04.48.27:343][262]PacketHandlerLog: Loaded PacketHandler component: Engine.EngineHandlerComponentFactory (StatelessConnectHandlerComponent)
[2018.06.03-04.48.27:343][262]LogNet: GameNetDriver IpNetDriver_5 IpNetDriver listening on port 17777
[2018.06.03-04.48.27:343][262]PIE: Play in editor start time for /Game/ThirdPersonCPP/Maps/UEDPIE_1_ThirdPersonExampleMap -0.792
[2018.06.03-04.48.27:344][262]PIE: New page: PIE session: ThirdPersonExampleMap (Jun 2, 2018, 2:48:27 PM)
[2018.06.03-04.48.27:349][262]LogSlate: FSceneViewport::OnFocusLost() reason 2
[2018.06.03-04.48.27:424][262]LogNet: Browse: 127.0.0.1:17777//Game/ThirdPersonCPP/Maps/ThirdPersonExampleMap
[2018.06.03-04.48.27:424][262]LogTemp: Display: ParseSettings for GameNetDriver
[2018.06.03-04.48.27:424][262]LogTemp: Display: ParseSettings for IpNetDriver_6
[2018.06.03-04.48.27:424][262]LogTemp: Display: ParseSettings for PendingNetDriver
[2018.06.03-04.48.27:424][262]LogInit: WinSock: Socket queue 32768 / 32768
[2018.06.03-04.48.27:425][262]PacketHandlerLog: Loaded PacketHandler component: Engine.EngineHandlerComponentFactory (StatelessConnectHandlerComponent)
[2018.06.03-04.48.27:425][262]LogNet: Game client on port 17777, rate 10000
[2018.06.03-04.48.27:429][262]PIE: Play in editor start time for /Game/ThirdPersonCPP/Maps/ThirdPersonExampleMap -0.706
[2018.06.03-04.48.27:436][262]LogBlueprintUserMessages: Late PlayInEditor Detection: Level '/Game/ThirdPersonCPP/Maps/ThirdPersonExampleMap.ThirdPersonExampleMap:PersistentLevel' has LevelScriptBlueprint '/Game/ThirdPersonCPP/Maps/ThirdPersonExampleMap.ThirdPersonExampleMap:PersistentLevel.ThirdPersonExampleMap' with GeneratedClass '/Game/ThirdPersonCPP/Maps/ThirdPersonExampleMap.ThirdPersonExampleMap_C' with ClassGeneratedBy '/Game/ThirdPersonCPP/Maps/ThirdPersonExampleMap.ThirdPersonExampleMap:PersistentLevel.ThirdPersonExampleMap'
[2018.06.03-04.48.27:436][262]LogNet: NotifyAcceptingConnection accepted from: 127.0.0.1:56520
[2018.06.03-04.48.27:436][262]LogHandshake: SendConnectChallenge. Timestamp: 0.008333, Cookie: 032030152193158006028203143121168109252200090018027092071211
[2018.06.03-04.48.27:437][262]LogHandshake: SendChallengeResponse. Timestamp: 0.008333, Cookie: 032030152193158006028203143121168109252200090018027092071211
[2018.06.03-04.48.27:498][263]LogNet: NotifyAcceptingConnection accepted from: 127.0.0.1:56520
[2018.06.03-04.48.27:498][263]LogHandshake: SendChallengeAck. InCookie: 032030152193158006028203143121168109252200090018027092071211
[2018.06.03-04.48.27:499][263]LogNet: Server accepting post-challenge connection from: 127.0.0.1:56520
[2018.06.03-04.48.27:499][263]PacketHandlerLog: Loaded PacketHandler component: Engine.EngineHandlerComponentFactory (StatelessConnectHandlerComponent)
[2018.06.03-04.48.27:499][263]LogNet: NotifyAcceptedConnection: Name: ThirdPersonExampleMap, TimeStamp: 06/02/18 21:48:27, [UNetConnection] RemoteAddr: 127.0.0.1:56520, Name: IpConnection_5, Driver: GameNetDriver IpNetDriver_5, IsServer: YES, PC: NULL, Owner: NULL, UniqueId: INVALID
[2018.06.03-04.48.27:499][263]LogNet: AddClientConnection: Added client connection: [UNetConnection] RemoteAddr: 127.0.0.1:56520, Name: IpConnection_5, Driver: GameNetDriver IpNetDriver_5, IsServer: YES, PC: NULL, Owner: NULL, UniqueId: INVALID
[2018.06.03-04.48.27:500][263]LogNet: UPendingNetGame::SendInitialJoin: Sending hello. [UNetConnection] RemoteAddr: 127.0.0.1:17777, Name: IpConnection_4, Driver: PendingNetDriver IpNetDriver_6, IsServer: NO, PC: NULL, Owner: NULL, UniqueId: INVALID
[2018.06.03-04.48.27:508][264]LogNet: NotifyAcceptingChannel Control 0 server World /Game/ThirdPersonCPP/Maps/UEDPIE_1_ThirdPersonExampleMap.ThirdPersonExampleMap: Accepted
[2018.06.03-04.48.27:508][264]LogNet: Remote platform little endian=1
[2018.06.03-04.48.27:508][264]LogNet: This platform little endian=1
[2018.06.03-04.48.27:516][265]LogNet: Login request: /Game/ThirdPersonCPP/Maps/ThirdPersonExampleMap userId: Invalid
[2018.06.03-04.48.27:517][265]LogNet: Welcomed by server (Level: /Game/ThirdPersonCPP/Maps/UEDPIE_1_ThirdPersonExampleMap, Game: /Script/Platformer.PlatformerGameMode)
[2018.06.03-04.48.27:517][265]LogLoad: LoadMap: 127.0.0.1:17777//Game/ThirdPersonCPP/Maps/UEDPIE_1_ThirdPersonExampleMap?game=/Script/Platformer.PlatformerGameMode
[2018.06.03-04.48.27:543][265]LogAIModule: Creating AISystem for world ThirdPersonExampleMap
[2018.06.03-04.48.27:543][265]LogTemp: Display: ParseSettings for GameNetDriver
[2018.06.03-04.48.27:545][265]LogWorld: Bringing World /Game/ThirdPersonCPP/Maps/UEDPIE_2_ThirdPersonExampleMap.ThirdPersonExampleMap up for play (max tick rate 0) at 2018.06.02-21.48.27
[2018.06.03-04.48.27:545][265]LogWorld: Bringing up level for play took: 0.001683
[2018.06.03-04.48.27:546][265]LogLoad: Took 0.028773 seconds to LoadMap(/Game/ThirdPersonCPP/Maps/UEDPIE_1_ThirdPersonExampleMap)
[2018.06.03-04.48.27:562][266]LogNet: Client netspeed is 10000
[2018.06.03-04.48.27:562][266]LogNet: Join request: /Game/ThirdPersonCPP/Maps/ThirdPersonExampleMap?SplitscreenCount=1
[2018.06.03-04.48.27:564][266]LogNet: Join succeeded: 263
[2018.06.03-04.48.43:409][117]LogBlueprintUserMessages: Early EndPlayMap Detection: Level '/Game/ThirdPersonCPP/Maps/ThirdPersonExampleMap.ThirdPersonExampleMap:PersistentLevel' has LevelScriptBlueprint '/Game/ThirdPersonCPP/Maps/ThirdPersonExampleMap.ThirdPersonExampleMap:PersistentLevel.ThirdPersonExampleMap' with GeneratedClass '/Game/ThirdPersonCPP/Maps/ThirdPersonExampleMap.ThirdPersonExampleMap_C' with ClassGeneratedBy '/Game/ThirdPersonCPP/Maps/ThirdPersonExampleMap.ThirdPersonExampleMap:PersistentLevel.ThirdPersonExampleMap'
[2018.06.03-04.48.43:418][117]LogSlate: Window 'Platformer Game Preview Client 1 (64-bit/PCD3D_SM5)' being destroyed
[2018.06.03-04.48.43:481][117]LogBlueprintUserMessages: Late EndPlayMap Detection: Level '/Game/ThirdPersonCPP/Maps/ThirdPersonExampleMap.ThirdPersonExampleMap:PersistentLevel' has LevelScriptBlueprint '/Game/ThirdPersonCPP/Maps/ThirdPersonExampleMap.ThirdPersonExampleMap:PersistentLevel.ThirdPersonExampleMap' with GeneratedClass '/Game/ThirdPersonCPP/Maps/ThirdPersonExampleMap.ThirdPersonExampleMap_C' with ClassGeneratedBy '/Game/ThirdPersonCPP/Maps/ThirdPersonExampleMap.ThirdPersonExampleMap:PersistentLevel.ThirdPersonExampleMap'
[2018.06.03-04.48.43:491][117]LogNet: UChannel::CleanUp: ChIndex == 0. Closing connection. [UChannel] ChIndex: 0, Closing: 0 [UNetConnection] RemoteAddr: 127.0.0.1:56520, Name: IpConnection_5, Driver: GameNetDriver IpNetDriver_5, IsServer: YES, PC: None, Owner: None, UniqueId: INVALID
[2018.06.03-04.48.43:491][117]LogNet: UNetConnection::Close: [UNetConnection] RemoteAddr: 127.0.0.1:56520, Name: IpConnection_5, Driver: GameNetDriver IpNetDriver_5, IsServer: YES, PC: None, Owner: None, UniqueId: INVALID, Channels: 2, Time: 2018.06.03-04.48.43
[2018.06.03-04.48.43:491][117]LogNet: UChannel::Close: Sending CloseBunch. ChIndex == 0. Name: [UChannel] ChIndex: 0, Closing: 0 [UNetConnection] RemoteAddr: 127.0.0.1:56520, Name: IpConnection_5, Driver: GameNetDriver IpNetDriver_5, IsServer: YES, PC: None, Owner: None, UniqueId: INVALID
[2018.06.03-04.48.43:491][117]LogNet: UChannel::CleanUp: ChIndex == 0. Closing connection. [UChannel] ChIndex: 0, Closing: 0 [UNetConnection] RemoteAddr: 127.0.0.1:17777, Name: IpConnection_4, Driver: GameNetDriver IpNetDriver_6, IsServer: NO, PC: None, Owner: None, UniqueId: INVALID
[2018.06.03-04.48.43:491][117]LogNet: UNetConnection::Close: [UNetConnection] RemoteAddr: 127.0.0.1:17777, Name: IpConnection_4, Driver: GameNetDriver IpNetDriver_6, IsServer: NO, PC: None, Owner: None, UniqueId: INVALID, Channels: 2, Time: 2018.06.03-04.48.43
[2018.06.03-04.48.43:491][117]LogNet: UChannel::Close: Sending CloseBunch. ChIndex == 0. Name: [UChannel] ChIndex: 0, Closing: 0 [UNetConnection] RemoteAddr: 127.0.0.1:17777, Name: IpConnection_4, Driver: GameNetDriver IpNetDriver_6, IsServer: NO, PC: None, Owner: None, UniqueId: INVALID
[2018.06.03-04.48.43:494][117]LogExit: GameNetDriver None shut down
[2018.06.03-04.48.43:495][117]LogExit: GameNetDriver None shut down
[2018.06.03-04.49.31:389][430]LogSlate: FSceneViewport::OnFocusLost() reason 0
